#
# A fatal error has been detected by the Java Runtime Environment:
#
#  EXCEPTION_ACCESS_VIOLATION (0xc0000005) at pc=0x00007ffc8be3a1a5, pid=52772, tid=53780
#
# JRE version: Java(TM) SE Runtime Environment (9.0+11) (build 9.0.4+11)
# Java VM: Java HotSpot(TM) 64-Bit Server VM (9.0.4+11, mixed mode, tiered, compressed oops, g1 gc, windows-amd64)
# Problematic frame:
# C  [librdi_common.dll+0x17a1a5]
#
# No core dump will be written. Minidumps are not enabled by default on client versions of Windows
#
# If you would like to submit a bug report, please visit:
#   http://bugreport.java.com/bugreport/crash.jsp
# The crash happened outside the Java Virtual Machine in native code.
# See problematic frame for where to report the bug.
#

---------------  S U M M A R Y ------------

Command Line: -Dsun.java2d.pmoffscreen=false -Dsun.java2d.xrender=false -Dsun.java2d.d3d=false -Dsun.awt.nopixfmt=true -Dsun.java2d.dpiaware=true -Dsun.java2d.uiScale.enabled=false -Xverify:none -Dswing.aatext=true -XX:-UsePerfData -Djdk.map.althashing.threshold=512 -XX:StringTableSize=4072 --add-opens=java.base/java.nio=ALL-UNNAMED --add-opens=java.desktop/sun.swing=ALL-UNNAMED --add-opens=java.desktop/javax.swing=ALL-UNNAMED --add-opens=java.desktop/javax.swing.tree=ALL-UNNAMED --add-opens=java.desktop/javax.swing.plaf.basic=ALL-UNNAMED --add-opens=java.desktop/javax.swing.plaf.synth=ALL-UNNAMED --add-opens=java.desktop/com.sun.awt=ALL-UNNAMED -XX:NewSize=60m -XX:MaxNewSize=60m -Xms128m -Xmx3072m -Xss5m 

Host: AMD Ryzen 7 7840H with Radeon 780M Graphics    , 16 cores, 27G,  Windows 10 , 64 bit Build 22621 (10.0.22621.2361)
Time: Tue Oct 03 00:23:19 2023 Russia TZ 2 Standard Time elapsed time: 237 seconds (0d 0h 3m 57s)

---------------  T H R E A D  ---------------

Current thread (0x000002849bc73800):  JavaThread "AWT-EventQueue-1" [_thread_in_native, id=53780, stack(0x0000008b90900000,0x0000008b90e00000)]

Stack: [0x0000008b90900000,0x0000008b90e00000],  sp=0x0000008b90dfaf70,  free space=5099k
Native frames: (J=compiled Java code, j=interpreted, Vv=VM code, C=native code)
C  [librdi_common.dll+0x17a1a5]
C  [librdi_common.dll+0x16ee15]
C  [librdi_common.dll+0x1386da]
C  [librdi_wavedata.dll+0x1e1eff]
C  [librdi_wavedata.dll+0x2621df]
C  [librdi_wavedata.dll+0x269e19]
C  [librdi_wavedata.dll+0x23a4cb]
C  [librdi_wavedata.dll+0x276de7]
C  0x00000284adf23a3a

Java frames: (J=compiled Java code, j=interpreted, Vv=VM code)
J 17894  ui.views.waveform.waveformi.WVExecutive_getTooltipTextDelayed(J)Ljava/lang/String; (0 bytes) @ 0x00000284adf239a1 [0x00000284adf23960+0x0000000000000041]
J 18083 c1 ui.views.waveform.b.a.bG(Ljava/awt/event/MouseEvent;)V (135 bytes) @ 0x00000284a85f3c24 [0x00000284a85f3580+0x00000000000006a4]
J 17882 c1 ui.views.waveform.b.a.mouseMoved(Ljava/awt/event/MouseEvent;)V (32 bytes) @ 0x00000284a856e26c [0x00000284a856dd20+0x000000000000054c]
J 18364 c2 java.awt.AWTEventMulticaster.mouseMoved(Ljava/awt/event/MouseEvent;)V java.desktop@9.0.4 (27 bytes) @ 0x00000284ae384af4 [0x00000284ae384a40+0x00000000000000b4]
J 18364 c2 java.awt.AWTEventMulticaster.mouseMoved(Ljava/awt/event/MouseEvent;)V java.desktop@9.0.4 (27 bytes) @ 0x00000284ae384ab4 [0x00000284ae384a40+0x0000000000000074]
J 19150 c2 javax.swing.JComponent.processMouseMotionEvent(Ljava/awt/event/MouseEvent;)V java.desktop@9.0.4 (46 bytes) @ 0x00000284ae4a48ec [0x00000284ae4a4840+0x00000000000000ac]
J 17875 c1 ui.frmwork.c.i.processMouseMotionEvent(Ljava/awt/event/MouseEvent;)V (131 bytes) @ 0x00000284a856f844 [0x00000284a856e980+0x0000000000000ec4]
J 19205 c2 java.awt.Container.processEvent(Ljava/awt/AWTEvent;)V java.desktop@9.0.4 (22 bytes) @ 0x00000284ae4c27c4 [0x00000284ae4c2640+0x0000000000000184]
J 19178 c2 java.awt.Component.dispatchEventImpl(Ljava/awt/AWTEvent;)V java.desktop@9.0.4 (739 bytes) @ 0x00000284ae4b3e8c [0x00000284ae4b3680+0x000000000000080c]
J 14725 c2 java.awt.Container.dispatchEventImpl(Ljava/awt/AWTEvent;)V java.desktop@9.0.4 (129 bytes) @ 0x00000284ae0eae98 [0x00000284ae0eae40+0x0000000000000058]
J 14724 c2 java.awt.LightweightDispatcher.retargetMouseEvent(Ljava/awt/Component;ILjava/awt/event/MouseEvent;)V java.desktop@9.0.4 (350 bytes) @ 0x00000284ae0e948c [0x00000284ae0e8ee0+0x00000000000005ac]
j  java.awt.LightweightDispatcher.processMouseEvent(Ljava/awt/event/MouseEvent;)Z+182 java.desktop@9.0.4
J 14725 c2 java.awt.Container.dispatchEventImpl(Ljava/awt/AWTEvent;)V java.desktop@9.0.4 (129 bytes) @ 0x00000284ae0eb174 [0x00000284ae0eae40+0x0000000000000334]
J 18898 c2 java.awt.Window.dispatchEventImpl(Ljava/awt/AWTEvent;)V java.desktop@9.0.4 (23 bytes) @ 0x00000284ae43f08c [0x00000284ae43f040+0x000000000000004c]
J 14654 c2 java.awt.EventQueue$3.run()Ljava/lang/Object; java.desktop@9.0.4 (5 bytes) @ 0x00000284ae0c63bc [0x00000284ae0c6200+0x00000000000001bc]
v  ~StubRoutines::call_stub
J 4229  java.security.AccessController.doPrivileged(Ljava/security/PrivilegedAction;Ljava/security/AccessControlContext;)Ljava/lang/Object; java.base@9.0.4 (0 bytes) @ 0x00000284ad6b7946 [0x00000284ad6b78e0+0x0000000000000066]
J 18088 c2 java.awt.EventQueue$4.run()Ljava/lang/Object; java.desktop@9.0.4 (5 bytes) @ 0x00000284ae318040 [0x00000284ae317de0+0x0000000000000260]
v  ~StubRoutines::call_stub
J 4229  java.security.AccessController.doPrivileged(Ljava/security/PrivilegedAction;Ljava/security/AccessControlContext;)Ljava/lang/Object; java.base@9.0.4 (0 bytes) @ 0x00000284ad6b7946 [0x00000284ad6b78e0+0x0000000000000066]
J 14648 c2 java.awt.EventDispatchThread.pumpOneEventForFilters(I)V java.desktop@9.0.4 (218 bytes) @ 0x00000284ae0c0128 [0x00000284ae0bf0a0+0x0000000000001088]
j  java.awt.EventDispatchThread.pumpEventsForFilter(ILjava/awt/Conditional;Ljava/awt/EventFilter;)V+35 java.desktop@9.0.4
j  java.awt.EventDispatchThread.pumpEventsForHierarchy(ILjava/awt/Conditional;Ljava/awt/Component;)V+11 java.desktop@9.0.4
j  java.awt.EventDispatchThread.pumpEvents(ILjava/awt/Conditional;)V+4 java.desktop@9.0.4
j  java.awt.EventDispatchThread.pumpEvents(Ljava/awt/Conditional;)V+3 java.desktop@9.0.4
j  java.awt.EventDispatchThread.run()V+9 java.desktop@9.0.4
v  ~StubRoutines::call_stub

siginfo: EXCEPTION_ACCESS_VIOLATION (0xc0000005), reading address 0xffffffffffffffff


Register to memory mapping:

RIP=0x00007ffc8be3a1a5 librdi_common.dll
RAX=0x0000028491d61401 is an unknown value
RBX=0x9004b1846feeff96 is an unknown value
RCX=0x0000028491d61460 is an unknown value
RDX=0x9004b1846feeff96 is an unknown value
RSP=0x0000008b90dfaf70 is pointing into the stack for thread: 0x000002849bc73800
RBP=0x0000008b90dfb0a0 is pointing into the stack for thread: 0x000002849bc73800
RSI=0x00000284bfba7700 is an unknown value
RDI=0x0000008b90dfb188 is pointing into the stack for thread: 0x000002849bc73800
R8 =0x0000008b90dfb188 is pointing into the stack for thread: 0x000002849bc73800
R9 =0x0000000000000000 is an unknown value
R10=0x00007ffceb950000 VCRUNTIME140.dll
R11=0x813ffdfffee8f8bf is an unknown value
R12=0x0000008b90dfb188 is pointing into the stack for thread: 0x000002849bc73800
R13=0x0000000000000000 is an unknown value
R14=0x00000284902b1cb0 is an unknown value
R15=0x9004b1846feeff96 is an unknown value


Registers:
RAX=0x0000028491d61401, RBX=0x9004b1846feeff96, RCX=0x0000028491d61460, RDX=0x9004b1846feeff96
RSP=0x0000008b90dfaf70, RBP=0x0000008b90dfb0a0, RSI=0x00000284bfba7700, RDI=0x0000008b90dfb188
R8 =0x0000008b90dfb188, R9 =0x0000000000000000, R10=0x00007ffceb950000, R11=0x813ffdfffee8f8bf
R12=0x0000008b90dfb188, R13=0x0000000000000000, R14=0x00000284902b1cb0, R15=0x9004b1846feeff96
RIP=0x00007ffc8be3a1a5, EFLAGS=0x0000000000010202

Top of Stack: (sp=0x0000008b90dfaf70)
0x0000008b90dfaf70:   0000008b90dfb320 00007ffccd1032c5
0x0000008b90dfaf80:   0000008b00000000 9004b1846feeff96
0x0000008b90dfaf90:   9004b1846feeff96 00007ffc8be2ee15
0x0000008b90dfafa0:   0000000a1ddd2468 00007ffccd10365f
0x0000008b90dfafb0:   0000ec187df4d84d 0000000000000000
0x0000008b90dfafc0:   0000000a1ddd2468 00000284c39a3fb0
0x0000008b90dfafd0:   0000000000000002 00007ffc8be98985
0x0000008b90dfafe0:   00000284c1ba28c0 00000284c614ea68
0x0000008b90dfaff0:   00000284c614eaa8 00007ffc8caf3fe0
0x0000008b90dfb000:   fffffffffffffffe 00007ffc8c406a6d
0x0000008b90dfb010:   fffffffffffffffe 00007ffc8caf3fe0
0x0000008b90dfb020:   00000284c614ea60 00000284902c6718
0x0000008b90dfb030:   0000008b90dfb188 00007ffc8be97c76
0x0000008b90dfb040:   00000284c614ea60 0000008b90dfb188
0x0000008b90dfb050:   0000028400000002 0000000000000000
0x0000008b90dfb060:   fffffffffffffffe 000000000000000f 

Instructions: (pc=0x00007ffc8be3a1a5)
0x00007ffc8be3a185:   20 48 8b d9 e8 22 c4 04 00 48 8b c8 48 8b d3 e8
0x00007ffc8be3a195:   27 0d 05 00 84 c0 75 08 33 c0 48 83 c4 20 5b c3
0x00007ffc8be3a1a5:   48 8b 4b 50 48 85 c9 74 0a 48 83 c4 20 5b e9 68
0x00007ffc8be3a1b5:   e2 04 00 48 8b d3 48 8d 0d 26 fc 73 00 e8 59 b7 



---------------  P R O C E S S  ---------------

Java Threads: ( => current thread )
  0x00000284c303d000 JavaThread "Relaunch Simulation" [_thread_blocked, id=23736, stack(0x0000008b95900000,0x0000008b95e00000)]
  0x00000284c3b8f000 JavaThread "Monitor File Timestamp Swing Worker" [_thread_blocked, id=53492, stack(0x0000008b95400000,0x0000008b95900000)]
  0x000002849def7000 JavaThread "Timer-1" [_thread_blocked, id=52236, stack(0x0000008b93b00000,0x0000008b94000000)]
  0x00000284c3b96000 JavaThread "Monitor File Timestamp Swing Worker" [_thread_blocked, id=51212, stack(0x0000008b94f00000,0x0000008b95400000)]
  0x00000284c3b91800 JavaThread "Timer-0" [_thread_blocked, id=48384, stack(0x0000008b94a00000,0x0000008b94f00000)]
  0x00000284c3b8e800 JavaThread "SyntheticaAnimation 50" daemon [_thread_blocked, id=46480, stack(0x0000008b94500000,0x0000008b94a00000)]
  0x00000284c3b92000 JavaThread "Thread-25" [_thread_in_native, id=50736, stack(0x0000008b92500000,0x0000008b92600000)]
  0x00000284c3b93800 JavaThread "Thread-24" [_thread_in_native, id=32044, stack(0x0000008b92600000,0x0000008b92700000)]
  0x00000284c3b95000 JavaThread "Update Runs Swing Worker" [_thread_blocked, id=50140, stack(0x0000008b94000000,0x0000008b94500000)]
  0x00000284c3b93000 JavaThread "Image Animator 3" daemon [_thread_blocked, id=52896, stack(0x0000008b93600000,0x0000008b93b00000)]
  0x00000284c3b90000 JavaThread "hw_ila_monitor" [_thread_blocked, id=24024, stack(0x0000008b93100000,0x0000008b93600000)]
  0x000002849def8800 JavaThread "Refresh Filesets Swing Worker" [_thread_blocked, id=36512, stack(0x0000008b92000000,0x0000008b92500000)]
  0x000002849def7800 JavaThread "SyntheticaAnimation 70" daemon [_thread_blocked, id=53880, stack(0x0000008b90e00000,0x0000008b91300000)]
  0x000002849def4000 JavaThread "SyntheticaAnimation 25" daemon [_thread_blocked, id=51872, stack(0x0000008b92c00000,0x0000008b93100000)]
  0x000002849def3000 JavaThread "SyntheticaAnimation 50" daemon [_thread_blocked, id=51964, stack(0x0000008b92700000,0x0000008b92c00000)]
  0x000002849def1800 JavaThread "Monitor HEventQueue" [_thread_blocked, id=51164, stack(0x0000008b91b00000,0x0000008b92000000)]
  0x000002849def2000 JavaThread "SyntheticaCleanerThread" daemon [_thread_blocked, id=51196, stack(0x0000008b91300000,0x0000008b91800000)]
  0x000002849def6000 JavaThread "Batik CleanerThread" daemon [_thread_blocked, id=49264, stack(0x0000008b8ff00000,0x0000008b90400000)]
=>0x000002849bc73800 JavaThread "AWT-EventQueue-1" [_thread_in_native, id=53780, stack(0x0000008b90900000,0x0000008b90e00000)]
  0x00000284bfbb1800 JavaThread "Process Messages" [_thread_blocked, id=43236, stack(0x0000008b90400000,0x0000008b90900000)]
  0x000002849bcc2000 JavaThread "Thread-1" [_thread_in_native, id=51132, stack(0x0000008b87f00000,0x0000008b89300000)]
  0x00000284bfa69000 JavaThread "TimerQueue" daemon [_thread_blocked, id=52948, stack(0x0000008b8f500000,0x0000008b8fa00000)]
  0x000002849b281000 JavaThread "AWT-Windows" daemon [_thread_in_native, id=49724, stack(0x0000008b8f000000,0x0000008b8f500000)]
  0x000002849b7d6800 JavaThread "AWT-Shutdown" [_thread_blocked, id=52528, stack(0x0000008b8eb00000,0x0000008b8f000000)]
  0x000002849b5ae000 JavaThread "Java2D Disposer" daemon [_thread_blocked, id=51736, stack(0x0000008b8e600000,0x0000008b8eb00000)]
  0x00000284946ce000 JavaThread "Service Thread" daemon [_thread_blocked, id=51120, stack(0x0000008b8e000000,0x0000008b8e500000)]
  0x00000284992ef000 JavaThread "Common-Cleaner" daemon [_thread_blocked, id=38664, stack(0x0000008b8db00000,0x0000008b8e000000)]
  0x000002849def4800 JavaThread "Sweeper thread" daemon [_thread_blocked, id=12420, stack(0x0000008b8d600000,0x0000008b8db00000)]
  0x000002849def0800 JavaThread "C1 CompilerThread11" daemon [_thread_blocked, id=48000, stack(0x0000008b8d500000,0x0000008b8d600000)]
  0x000002849def0000 JavaThread "C1 CompilerThread10" daemon [_thread_blocked, id=38592, stack(0x0000008b8d400000,0x0000008b8d500000)]
  0x000002849deef000 JavaThread "C1 CompilerThread9" daemon [_thread_blocked, id=15980, stack(0x0000008b8d300000,0x0000008b8d400000)]
  0x000002849deee800 JavaThread "C1 CompilerThread8" daemon [_thread_blocked, id=52876, stack(0x0000008b8d200000,0x0000008b8d300000)]
  0x000002849dee9800 JavaThread "C2 CompilerThread7" daemon [_thread_blocked, id=53420, stack(0x0000008b8d100000,0x0000008b8d200000)]
  0x000002849dee9000 JavaThread "C2 CompilerThread6" daemon [_thread_blocked, id=53200, stack(0x0000008b8d000000,0x0000008b8d100000)]
  0x000002849dee8000 JavaThread "C2 CompilerThread5" daemon [_thread_blocked, id=50540, stack(0x0000008b8cf00000,0x0000008b8d000000)]
  0x000002849dee7000 JavaThread "C2 CompilerThread4" daemon [_thread_blocked, id=50020, stack(0x0000008b8ce00000,0x0000008b8cf00000)]
  0x000002849dedd800 JavaThread "C2 CompilerThread3" daemon [_thread_blocked, id=50200, stack(0x0000008b8cd00000,0x0000008b8ce00000)]
  0x000002849dedd000 JavaThread "C2 CompilerThread2" daemon [_thread_blocked, id=53648, stack(0x0000008b8cc00000,0x0000008b8cd00000)]
  0x000002849dedc000 JavaThread "C2 CompilerThread1" daemon [_thread_blocked, id=3820, stack(0x0000008b8cb00000,0x0000008b8cc00000)]
  0x000002849dedb800 JavaThread "C2 CompilerThread0" daemon [_thread_blocked, id=21132, stack(0x0000008b8ca00000,0x0000008b8cb00000)]
  0x000002849ea2b000 JavaThread "Attach Listener" daemon [_thread_blocked, id=50712, stack(0x0000008b8c500000,0x0000008b8ca00000)]
  0x000002849ea2a800 JavaThread "Signal Dispatcher" daemon [_thread_blocked, id=53416, stack(0x0000008b8c000000,0x0000008b8c500000)]
  0x000002849ea17000 JavaThread "Finalizer" daemon [_thread_blocked, id=47132, stack(0x0000008b8bb00000,0x0000008b8c000000)]
  0x000002849a4d6800 JavaThread "Reference Handler" daemon [_thread_blocked, id=45888, stack(0x0000008b8b600000,0x0000008b8bb00000)]
  0x000002849deba800 JavaThread "main" [_thread_blocked, id=6916, stack(0x0000008b87e00000,0x0000008b87f00000)]

Other Threads:
  0x000002849a4d3800 VMThread "VM Thread" [stack: 0x0000008b8b500000,0x0000008b8b600000] [id=4392]
  0x00000284946fd000 WatcherThread [stack: 0x0000008b8e500000,0x0000008b8e600000] [id=44600]
  0x000002849e3cb800 GCTaskThread "GC Thread#0" [stack: 0x0000008b89600000,0x0000008b89700000] [id=54212]
  0x000002849e3cc000 GCTaskThread "GC Thread#1" [stack: 0x0000008b89700000,0x0000008b89800000] [id=50676]
  0x000002849e3c9800 GCTaskThread "GC Thread#2" [stack: 0x0000008b89800000,0x0000008b89900000] [id=30024]
  0x000002849e3c9000 GCTaskThread "GC Thread#3" [stack: 0x0000008b89900000,0x0000008b89a00000] [id=50724]
  0x000002849e3cd000 GCTaskThread "GC Thread#4" [stack: 0x0000008b89a00000,0x0000008b89b00000] [id=46716]
  0x000002849e3c8000 GCTaskThread "GC Thread#5" [stack: 0x0000008b89b00000,0x0000008b89c00000] [id=52940]
  0x000002849e3ca000 GCTaskThread "GC Thread#6" [stack: 0x0000008b89c00000,0x0000008b89d00000] [id=54080]
  0x000002849e3ca800 GCTaskThread "GC Thread#7" [stack: 0x0000008b89d00000,0x0000008b89e00000] [id=38104]
  0x000002849e3c7800 GCTaskThread "GC Thread#8" [stack: 0x0000008b89e00000,0x0000008b89f00000] [id=30416]
  0x000002849e3cc800 GCTaskThread "GC Thread#9" [stack: 0x0000008b89f00000,0x0000008b8a000000] [id=48896]
  0x000002849e3c6800 GCTaskThread "GC Thread#10" [stack: 0x0000008b8a000000,0x0000008b8a100000] [id=43312]
  0x000002849e3c7000 GCTaskThread "GC Thread#11" [stack: 0x0000008b8a100000,0x0000008b8a200000] [id=52320]
  0x000002849e3d2800 GCTaskThread "GC Thread#12" [stack: 0x0000008b8a200000,0x0000008b8a300000] [id=44272]
  0x000002849df41800 ConcurrentGCThread "G1 Main Marker" [stack: 0x0000008b8b100000,0x0000008b8b200000] [id=33764]
  0x000002849e3d1000 ConcurrentGCThread "G1 Marker#0" [stack: 0x0000008b8b200000,0x0000008b8b300000] [id=50936]
  0x000002849e3d1800 ConcurrentGCThread "G1 Marker#1" [stack: 0x0000008b8b300000,0x0000008b8b400000] [id=49004]
  0x000002849e3d3800 ConcurrentGCThread "G1 Marker#2" [stack: 0x0000008b8b400000,0x0000008b8b500000] [id=47116]
  0x000002849df40800 ConcurrentGCThread "G1 Refine#0" [stack: 0x0000008b8af00000,0x0000008b8b000000] [id=49516]
  0x00000284977b1800 ConcurrentGCThread "G1 Refine#1" [stack: 0x0000008b8ae00000,0x0000008b8af00000] [id=49556]
  0x00000284977b0800 ConcurrentGCThread "G1 Refine#2" [stack: 0x0000008b8ad00000,0x0000008b8ae00000] [id=52168]
  0x000002849df6f800 ConcurrentGCThread "G1 Refine#3" [stack: 0x0000008b8ac00000,0x0000008b8ad00000] [id=53000]
  0x000002849df6f000 ConcurrentGCThread "G1 Refine#4" [stack: 0x0000008b8ab00000,0x0000008b8ac00000] [id=51024]
  0x000002849df6e800 ConcurrentGCThread "G1 Refine#5" [stack: 0x0000008b8aa00000,0x0000008b8ab00000] [id=22088]
  0x00000284998f7800 ConcurrentGCThread "G1 Refine#6" [stack: 0x0000008b8a900000,0x0000008b8aa00000] [id=51692]
  0x00000284998f7000 ConcurrentGCThread "G1 Refine#7" [stack: 0x0000008b8a800000,0x0000008b8a900000] [id=45264]
  0x000002849df25800 ConcurrentGCThread "G1 Refine#8" [stack: 0x0000008b8a700000,0x0000008b8a800000] [id=5396]
  0x00000284995fb000 ConcurrentGCThread "G1 Refine#9" [stack: 0x0000008b8a600000,0x0000008b8a700000] [id=51232]
  0x00000284995fa800 ConcurrentGCThread "G1 Refine#10" [stack: 0x0000008b8a500000,0x0000008b8a600000] [id=52808]
  0x0000028497bc5800 ConcurrentGCThread "G1 Refine#11" [stack: 0x0000008b8a400000,0x0000008b8a500000] [id=53956]
  0x0000028497bc4800 ConcurrentGCThread "G1 Refine#12" [stack: 0x0000008b8a300000,0x0000008b8a400000] [id=21656]
  0x000002849df41000 ConcurrentGCThread "G1 Young RemSet Sampling" [stack: 0x0000008b8b000000,0x0000008b8b100000] [id=50696]

Threads with active compile tasks:

VM state:not at safepoint (normal execution)

VM Mutex/Monitor currently owned by a thread: None

Heap address: 0x0000000700000000, size: 3072 MB, Compressed Oops mode: Zero based, Oop shift amount: 3
Narrow klass base: 0x0000000000000000, Narrow klass shift: 3
Compressed class space size: 1073741824 Address: 0x00000007c0000000

Heap:
 garbage-first heap   total 219136K, used 107363K [0x0000000700000000, 0x00000007001006b0, 0x00000007c0000000)
  region size 1024K, 40 young (40960K), 1 survivors (1024K)
 Metaspace       used 80354K, capacity 85875K, committed 86016K, reserved 1124352K
  class space    used 11032K, capacity 11998K, committed 12032K, reserved 1048576K
Heap Regions: E=young(eden), S=young(survivor), O=old, HS=humongous(starts), HC=humongous(continues), CS=collection set, F=free, A=archive, TS=gc time stamp, AC=allocation context, TAMS=top-at-mark-start (previous, next)
|   0|0x0000000700000000, 0x00000007000fce70, 0x0000000700100000| 98%| O|  |TS  0|AC  0|TAMS 0x0000000700000000, 0x0000000700000000|
|   1|0x0000000700100000, 0x0000000700200000, 0x0000000700200000|100%|HS|  |TS  0|AC  0|TAMS 0x0000000700100000, 0x0000000700100000|
|   2|0x0000000700200000, 0x0000000700300000, 0x0000000700300000|100%|HC|  |TS  0|AC  0|TAMS 0x0000000700200000, 0x0000000700200000|
|   3|0x0000000700300000, 0x0000000700400000, 0x0000000700400000|100%|HS|  |TS  0|AC  0|TAMS 0x0000000700300000, 0x0000000700300000|
|   4|0x0000000700400000, 0x00000007004faf28, 0x0000000700500000| 98%| O|  |TS  0|AC  0|TAMS 0x0000000700400000, 0x0000000700400000|
|   5|0x0000000700500000, 0x00000007005ff500, 0x0000000700600000| 99%| O|  |TS  0|AC  0|TAMS 0x0000000700500000, 0x0000000700500000|
|   6|0x0000000700600000, 0x00000007006ffff8, 0x0000000700700000| 99%| O|  |TS  0|AC  0|TAMS 0x0000000700600000, 0x0000000700600000|
|   7|0x0000000700700000, 0x00000007007fffe0, 0x0000000700800000| 99%| O|  |TS  0|AC  0|TAMS 0x0000000700700000, 0x0000000700700000|
|   8|0x0000000700800000, 0x0000000700900000, 0x0000000700900000|100%| O|  |TS  0|AC  0|TAMS 0x0000000700800000, 0x0000000700800000|
|   9|0x0000000700900000, 0x00000007009ffe00, 0x0000000700a00000| 99%| O|  |TS  0|AC  0|TAMS 0x0000000700900000, 0x0000000700900000|
|  10|0x0000000700a00000, 0x0000000700affff8, 0x0000000700b00000| 99%| O|  |TS  0|AC  0|TAMS 0x0000000700a00000, 0x0000000700a00000|
|  11|0x0000000700b00000, 0x0000000700bcd070, 0x0000000700c00000| 80%| O|  |TS  0|AC  0|TAMS 0x0000000700b00000, 0x0000000700b00000|
|  12|0x0000000700c00000, 0x0000000700cf4fe8, 0x0000000700d00000| 95%| O|  |TS  0|AC  0|TAMS 0x0000000700c00000, 0x0000000700c00000|
|  13|0x0000000700d00000, 0x0000000700de7c78, 0x0000000700e00000| 90%| O|  |TS  0|AC  0|TAMS 0x0000000700d00000, 0x0000000700d00000|
|  14|0x0000000700e00000, 0x0000000700efb9f8, 0x0000000700f00000| 98%| O|  |TS  0|AC  0|TAMS 0x0000000700e00000, 0x0000000700e00000|
|  15|0x0000000700f00000, 0x0000000700fffff0, 0x0000000701000000| 99%| O|  |TS  0|AC  0|TAMS 0x0000000700f00000, 0x0000000700f00000|
|  16|0x0000000701000000, 0x0000000701100000, 0x0000000701100000|100%| O|  |TS  0|AC  0|TAMS 0x0000000701000000, 0x0000000701000000|
|  17|0x0000000701100000, 0x00000007011fd260, 0x0000000701200000| 98%| O|  |TS  0|AC  0|TAMS 0x0000000701100000, 0x0000000701100000|
|  18|0x0000000701200000, 0x00000007012ffff8, 0x0000000701300000| 99%| O|  |TS  0|AC  0|TAMS 0x0000000701200000, 0x0000000701200000|
|  19|0x0000000701300000, 0x00000007013fffb0, 0x0000000701400000| 99%| O|  |TS  0|AC  0|TAMS 0x0000000701300000, 0x0000000701300000|
|  20|0x0000000701400000, 0x00000007014ff2f8, 0x0000000701500000| 99%| O|  |TS  0|AC  0|TAMS 0x0000000701400000, 0x0000000701400000|
|  21|0x0000000701500000, 0x0000000701600000, 0x0000000701600000|100%|HS|  |TS  0|AC  0|TAMS 0x0000000701500000, 0x0000000701500000|
|  22|0x0000000701600000, 0x00000007016fffe8, 0x0000000701700000| 99%| O|  |TS  0|AC  0|TAMS 0x0000000701600000, 0x0000000701600000|
|  23|0x0000000701700000, 0x00000007017ffcc0, 0x0000000701800000| 99%| O|  |TS  0|AC  0|TAMS 0x0000000701700000, 0x0000000701700000|
|  24|0x0000000701800000, 0x00000007018ffff8, 0x0000000701900000| 99%| O|  |TS  0|AC  0|TAMS 0x0000000701800000, 0x0000000701800000|
|  25|0x0000000701900000, 0x00000007019fffe8, 0x0000000701a00000| 99%| O|  |TS  0|AC  0|TAMS 0x0000000701900000, 0x0000000701900000|
|  26|0x0000000701a00000, 0x0000000701affff0, 0x0000000701b00000| 99%| O|  |TS  0|AC  0|TAMS 0x0000000701a00000, 0x0000000701a00000|
|  27|0x0000000701b00000, 0x0000000701bfffa8, 0x0000000701c00000| 99%| O|  |TS  0|AC  0|TAMS 0x0000000701b00000, 0x0000000701b00000|
|  28|0x0000000701c00000, 0x0000000701cfffe0, 0x0000000701d00000| 99%| O|  |TS  0|AC  0|TAMS 0x0000000701c00000, 0x0000000701c00000|
|  29|0x0000000701d00000, 0x0000000701dffee0, 0x0000000701e00000| 99%| O|  |TS  0|AC  0|TAMS 0x0000000701d00000, 0x0000000701d00000|
|  30|0x0000000701e00000, 0x0000000701effff8, 0x0000000701f00000| 99%| O|  |TS  0|AC  0|TAMS 0x0000000701e00000, 0x0000000701e00000|
|  31|0x0000000701f00000, 0x0000000701ffffd8, 0x0000000702000000| 99%| O|  |TS  0|AC  0|TAMS 0x0000000701f00000, 0x0000000701f00000|
|  32|0x0000000702000000, 0x0000000702100000, 0x0000000702100000|100%| O|  |TS  0|AC  0|TAMS 0x0000000702000000, 0x0000000702000000|
|  33|0x0000000702100000, 0x00000007021fffc8, 0x0000000702200000| 99%| O|  |TS  0|AC  0|TAMS 0x0000000702100000, 0x0000000702100000|
|  34|0x0000000702200000, 0x00000007022fffd8, 0x0000000702300000| 99%| O|  |TS  0|AC  0|TAMS 0x0000000702200000, 0x0000000702200000|
|  35|0x0000000702300000, 0x00000007023fffd8, 0x0000000702400000| 99%| O|  |TS  0|AC  0|TAMS 0x0000000702300000, 0x0000000702300000|
|  36|0x0000000702400000, 0x00000007024b3490, 0x0000000702500000| 70%| O|  |TS  0|AC  0|TAMS 0x0000000702400000, 0x0000000702400000|
|  37|0x0000000702500000, 0x0000000702600000, 0x0000000702600000|100%| O|  |TS  0|AC  0|TAMS 0x0000000702500000, 0x0000000702500000|
|  38|0x0000000702600000, 0x0000000702700000, 0x0000000702700000|100%| O|  |TS  0|AC  0|TAMS 0x0000000702600000, 0x0000000702600000|
|  39|0x0000000702700000, 0x00000007027ffff8, 0x0000000702800000| 99%| O|  |TS  0|AC  0|TAMS 0x0000000702700000, 0x0000000702700000|
|  40|0x0000000702800000, 0x00000007028ffff8, 0x0000000702900000| 99%| O|  |TS  0|AC  0|TAMS 0x0000000702800000, 0x0000000702800000|
|  41|0x0000000702900000, 0x0000000702a00000, 0x0000000702a00000|100%| O|  |TS  0|AC  0|TAMS 0x0000000702900000, 0x0000000702900000|
|  42|0x0000000702a00000, 0x0000000702b00000, 0x0000000702b00000|100%| O|  |TS  0|AC  0|TAMS 0x0000000702a00000, 0x0000000702a00000|
|  43|0x0000000702b00000, 0x0000000702bffff0, 0x0000000702c00000| 99%| O|  |TS  0|AC  0|TAMS 0x0000000702b00000, 0x0000000702b00000|
|  44|0x0000000702c00000, 0x0000000702cfff98, 0x0000000702d00000| 99%| O|  |TS  0|AC  0|TAMS 0x0000000702c00000, 0x0000000702c00000|
|  45|0x0000000702d00000, 0x0000000702e00000, 0x0000000702e00000|100%|HS|  |TS  0|AC  0|TAMS 0x0000000702d00000, 0x0000000702d00000|
|  46|0x0000000702e00000, 0x0000000702f00000, 0x0000000702f00000|100%|HC|  |TS  0|AC  0|TAMS 0x0000000702e00000, 0x0000000702e00000|
|  47|0x0000000702f00000, 0x0000000703000000, 0x0000000703000000|100%|HC|  |TS  0|AC  0|TAMS 0x0000000702f00000, 0x0000000702f00000|
|  48|0x0000000703000000, 0x0000000703100000, 0x0000000703100000|100%|HC|  |TS  0|AC  0|TAMS 0x0000000703000000, 0x0000000703000000|
|  49|0x0000000703100000, 0x0000000703200000, 0x0000000703200000|100%|HC|  |TS  0|AC  0|TAMS 0x0000000703100000, 0x0000000703100000|
|  50|0x0000000703200000, 0x0000000703300000, 0x0000000703300000|100%|HC|  |TS  0|AC  0|TAMS 0x0000000703200000, 0x0000000703200000|
|  51|0x0000000703300000, 0x0000000703400000, 0x0000000703400000|100%|HC|  |TS  0|AC  0|TAMS 0x0000000703300000, 0x0000000703300000|
|  52|0x0000000703400000, 0x0000000703500000, 0x0000000703500000|100%|HC|  |TS  0|AC  0|TAMS 0x0000000703400000, 0x0000000703400000|
|  53|0x0000000703500000, 0x00000007035fffb0, 0x0000000703600000| 99%| O|  |TS  0|AC  0|TAMS 0x0000000703500000, 0x0000000703500000|
|  54|0x0000000703600000, 0x00000007036ffff8, 0x0000000703700000| 99%| O|  |TS  0|AC  0|TAMS 0x0000000703600000, 0x0000000703600000|
|  55|0x0000000703700000, 0x00000007037ffff0, 0x0000000703800000| 99%| O|  |TS  0|AC  0|TAMS 0x0000000703700000, 0x0000000703700000|
|  56|0x0000000703800000, 0x00000007038fffe8, 0x0000000703900000| 99%| O|  |TS  0|AC  0|TAMS 0x0000000703800000, 0x0000000703800000|
|  57|0x0000000703900000, 0x00000007039ffed8, 0x0000000703a00000| 99%| O|  |TS  0|AC  0|TAMS 0x0000000703900000, 0x0000000703900000|
|  58|0x0000000703a00000, 0x0000000703b00000, 0x0000000703b00000|100%| O|  |TS  0|AC  0|TAMS 0x0000000703a00000, 0x0000000703a00000|
|  59|0x0000000703b00000, 0x0000000703bfffa8, 0x0000000703c00000| 99%| O|  |TS  0|AC  0|TAMS 0x0000000703b00000, 0x0000000703b00000|
|  60|0x0000000703c00000, 0x0000000703cffed8, 0x0000000703d00000| 99%| O|  |TS  0|AC  0|TAMS 0x0000000703c00000, 0x0000000703c00000|
|  61|0x0000000703d00000, 0x0000000703dfffa8, 0x0000000703e00000| 99%| O|  |TS  0|AC  0|TAMS 0x0000000703d00000, 0x0000000703d00000|
|  62|0x0000000703e00000, 0x0000000703efe010, 0x0000000703f00000| 99%| O|  |TS  0|AC  0|TAMS 0x0000000703e00000, 0x0000000703e00000|
|  63|0x0000000703f00000, 0x0000000703ff9c88, 0x0000000704000000| 97%| O|  |TS  0|AC  0|TAMS 0x0000000703f00000, 0x0000000703f00000|
|  64|0x0000000704000000, 0x0000000704000000, 0x0000000704100000|  0%| F|  |TS  0|AC  0|TAMS 0x0000000704000000, 0x0000000704000000|
|  65|0x0000000704100000, 0x0000000704100000, 0x0000000704200000|  0%| F|  |TS  0|AC  0|TAMS 0x0000000704100000, 0x0000000704100000|
|  66|0x0000000704200000, 0x0000000704200000, 0x0000000704300000|  0%| F|  |TS  0|AC  0|TAMS 0x0000000704200000, 0x0000000704200000|
|  67|0x0000000704300000, 0x0000000704400000, 0x0000000704400000|100%|HS|  |TS  0|AC  0|TAMS 0x0000000704300000, 0x0000000704300000|
|  68|0x0000000704400000, 0x0000000704500000, 0x0000000704500000|100%|HC|  |TS  0|AC  0|TAMS 0x0000000704400000, 0x0000000704400000|
|  69|0x0000000704500000, 0x0000000704600000, 0x0000000704600000|100%|HC|  |TS  0|AC  0|TAMS 0x0000000704500000, 0x0000000704500000|
|  70|0x0000000704600000, 0x0000000704600000, 0x0000000704700000|  0%| F|  |TS  0|AC  0|TAMS 0x0000000704600000, 0x0000000704600000|
|  71|0x0000000704700000, 0x0000000704700000, 0x0000000704800000|  0%| F|  |TS  0|AC  0|TAMS 0x0000000704700000, 0x0000000704700000|
|  72|0x0000000704800000, 0x0000000704800000, 0x0000000704900000|  0%| F|  |TS  0|AC  0|TAMS 0x0000000704800000, 0x0000000704800000|
|  73|0x0000000704900000, 0x0000000704900000, 0x0000000704a00000|  0%| F|  |TS  0|AC  0|TAMS 0x0000000704900000, 0x0000000704900000|
|  74|0x0000000704a00000, 0x0000000704a00000, 0x0000000704b00000|  0%| F|  |TS  0|AC  0|TAMS 0x0000000704a00000, 0x0000000704a00000|
|  75|0x0000000704b00000, 0x0000000704b00000, 0x0000000704c00000|  0%| F|  |TS  0|AC  0|TAMS 0x0000000704b00000, 0x0000000704b00000|
|  76|0x0000000704c00000, 0x0000000704c00000, 0x0000000704d00000|  0%| F|  |TS  0|AC  0|TAMS 0x0000000704c00000, 0x0000000704c00000|
|  77|0x0000000704d00000, 0x0000000704d00000, 0x0000000704e00000|  0%| F|  |TS  0|AC  0|TAMS 0x0000000704d00000, 0x0000000704d00000|
|  78|0x0000000704e00000, 0x0000000704e00000, 0x0000000704f00000|  0%| F|  |TS  0|AC  0|TAMS 0x0000000704e00000, 0x0000000704e00000|
|  79|0x0000000704f00000, 0x0000000704f00000, 0x0000000705000000|  0%| F|  |TS  0|AC  0|TAMS 0x0000000704f00000, 0x0000000704f00000|
|  80|0x0000000705000000, 0x0000000705000000, 0x0000000705100000|  0%| F|  |TS  0|AC  0|TAMS 0x0000000705000000, 0x0000000705000000|
|  81|0x0000000705100000, 0x0000000705100000, 0x0000000705200000|  0%| F|  |TS  0|AC  0|TAMS 0x0000000705100000, 0x0000000705100000|
|  82|0x0000000705200000, 0x0000000705200000, 0x0000000705300000|  0%| F|  |TS  0|AC  0|TAMS 0x0000000705200000, 0x0000000705200000|
|  83|0x0000000705300000, 0x0000000705300000, 0x0000000705400000|  0%| F|  |TS  0|AC  0|TAMS 0x0000000705300000, 0x0000000705300000|
|  84|0x0000000705400000, 0x0000000705400000, 0x0000000705500000|  0%| F|  |TS  0|AC  0|TAMS 0x0000000705400000, 0x0000000705400000|
|  85|0x0000000705500000, 0x0000000705500000, 0x0000000705600000|  0%| F|  |TS  0|AC  0|TAMS 0x0000000705500000, 0x0000000705500000|
|  86|0x0000000705600000, 0x0000000705600000, 0x0000000705700000|  0%| F|  |TS  0|AC  0|TAMS 0x0000000705600000, 0x0000000705600000|
|  87|0x0000000705700000, 0x0000000705700000, 0x0000000705800000|  0%| F|  |TS  0|AC  0|TAMS 0x0000000705700000, 0x0000000705700000|
|  88|0x0000000705800000, 0x0000000705800000, 0x0000000705900000|  0%| F|  |TS  0|AC  0|TAMS 0x0000000705800000, 0x0000000705800000|
|  89|0x0000000705900000, 0x0000000705900000, 0x0000000705a00000|  0%| F|  |TS  0|AC  0|TAMS 0x0000000705900000, 0x0000000705900000|
|  90|0x0000000705a00000, 0x0000000705a00000, 0x0000000705b00000|  0%| F|  |TS  0|AC  0|TAMS 0x0000000705a00000, 0x0000000705a00000|
|  91|0x0000000705b00000, 0x0000000705b00000, 0x0000000705c00000|  0%| F|  |TS  0|AC  0|TAMS 0x0000000705b00000, 0x0000000705b00000|
|  92|0x0000000705c00000, 0x0000000705c00000, 0x0000000705d00000|  0%| F|  |TS  0|AC  0|TAMS 0x0000000705c00000, 0x0000000705c00000|
|  93|0x0000000705d00000, 0x0000000705d00000, 0x0000000705e00000|  0%| F|  |TS  0|AC  0|TAMS 0x0000000705d00000, 0x0000000705d00000|
|  94|0x0000000705e00000, 0x0000000705e00000, 0x0000000705f00000|  0%| F|  |TS  0|AC  0|TAMS 0x0000000705e00000, 0x0000000705e00000|
|  95|0x0000000705f00000, 0x0000000705f00000, 0x0000000706000000|  0%| F|  |TS  0|AC  0|TAMS 0x0000000705f00000, 0x0000000705f00000|
|  96|0x0000000706000000, 0x0000000706000000, 0x0000000706100000|  0%| F|  |TS  0|AC  0|TAMS 0x0000000706000000, 0x0000000706000000|
|  97|0x0000000706100000, 0x0000000706100000, 0x0000000706200000|  0%| F|  |TS  0|AC  0|TAMS 0x0000000706100000, 0x0000000706100000|
|  98|0x0000000706200000, 0x0000000706200000, 0x0000000706300000|  0%| F|  |TS  0|AC  0|TAMS 0x0000000706200000, 0x0000000706200000|
|  99|0x0000000706300000, 0x0000000706300000, 0x0000000706400000|  0%| F|  |TS  0|AC  0|TAMS 0x0000000706300000, 0x0000000706300000|
| 100|0x0000000706400000, 0x0000000706400000, 0x0000000706500000|  0%| F|  |TS  0|AC  0|TAMS 0x0000000706400000, 0x0000000706400000|
| 101|0x0000000706500000, 0x0000000706500000, 0x0000000706600000|  0%| F|  |TS  0|AC  0|TAMS 0x0000000706500000, 0x0000000706500000|
| 102|0x0000000706600000, 0x0000000706600000, 0x0000000706700000|  0%| F|  |TS  0|AC  0|TAMS 0x0000000706600000, 0x0000000706600000|
| 103|0x0000000706700000, 0x0000000706700000, 0x0000000706800000|  0%| F|  |TS  0|AC  0|TAMS 0x0000000706700000, 0x0000000706700000|
| 104|0x0000000706800000, 0x0000000706800000, 0x0000000706900000|  0%| F|  |TS  0|AC  0|TAMS 0x0000000706800000, 0x0000000706800000|
| 105|0x0000000706900000, 0x0000000706900000, 0x0000000706a00000|  0%| F|  |TS  0|AC  0|TAMS 0x0000000706900000, 0x0000000706900000|
| 106|0x0000000706a00000, 0x0000000706a00000, 0x0000000706b00000|  0%| F|  |TS  0|AC  0|TAMS 0x0000000706a00000, 0x0000000706a00000|
| 107|0x0000000706b00000, 0x0000000706b00000, 0x0000000706c00000|  0%| F|  |TS  0|AC  0|TAMS 0x0000000706b00000, 0x0000000706b00000|
| 108|0x0000000706c00000, 0x0000000706c00000, 0x0000000706d00000|  0%| F|  |TS  0|AC  0|TAMS 0x0000000706c00000, 0x0000000706c00000|
| 109|0x0000000706d00000, 0x0000000706d00000, 0x0000000706e00000|  0%| F|  |TS  0|AC  0|TAMS 0x0000000706d00000, 0x0000000706d00000|
| 110|0x0000000706e00000, 0x0000000706e00000, 0x0000000706f00000|  0%| F|  |TS  0|AC  0|TAMS 0x0000000706e00000, 0x0000000706e00000|
| 111|0x0000000706f00000, 0x0000000706f00000, 0x0000000707000000|  0%| F|  |TS  0|AC  0|TAMS 0x0000000706f00000, 0x0000000706f00000|
| 112|0x0000000707000000, 0x0000000707000000, 0x0000000707100000|  0%| F|  |TS  0|AC  0|TAMS 0x0000000707000000, 0x0000000707000000|
| 113|0x0000000707100000, 0x0000000707100000, 0x0000000707200000|  0%| F|  |TS  0|AC  0|TAMS 0x0000000707100000, 0x0000000707100000|
| 114|0x0000000707200000, 0x0000000707200000, 0x0000000707300000|  0%| F|  |TS  0|AC  0|TAMS 0x0000000707200000, 0x0000000707200000|
| 115|0x0000000707300000, 0x0000000707300000, 0x0000000707400000|  0%| F|  |TS  0|AC  0|TAMS 0x0000000707300000, 0x0000000707300000|
| 116|0x0000000707400000, 0x0000000707400000, 0x0000000707500000|  0%| F|  |TS  0|AC  0|TAMS 0x0000000707400000, 0x0000000707400000|
| 117|0x0000000707500000, 0x0000000707500000, 0x0000000707600000|  0%| F|  |TS  0|AC  0|TAMS 0x0000000707500000, 0x0000000707500000|
| 118|0x0000000707600000, 0x0000000707600000, 0x0000000707700000|  0%| F|  |TS  0|AC  0|TAMS 0x0000000707600000, 0x0000000707600000|
| 119|0x0000000707700000, 0x0000000707700000, 0x0000000707800000|  0%| F|  |TS  0|AC  0|TAMS 0x0000000707700000, 0x0000000707700000|
| 120|0x0000000707800000, 0x0000000707800000, 0x0000000707900000|  0%| F|  |TS  0|AC  0|TAMS 0x0000000707800000, 0x0000000707800000|
| 121|0x0000000707900000, 0x0000000707900000, 0x0000000707a00000|  0%| F|  |TS  0|AC  0|TAMS 0x0000000707900000, 0x0000000707900000|
| 122|0x0000000707a00000, 0x0000000707a00000, 0x0000000707b00000|  0%| F|  |TS  0|AC  0|TAMS 0x0000000707a00000, 0x0000000707a00000|
| 123|0x0000000707b00000, 0x0000000707b00000, 0x0000000707c00000|  0%| F|  |TS  0|AC  0|TAMS 0x0000000707b00000, 0x0000000707b00000|
| 124|0x0000000707c00000, 0x0000000707c00000, 0x0000000707d00000|  0%| F|  |TS  0|AC  0|TAMS 0x0000000707c00000, 0x0000000707c00000|
| 125|0x0000000707d00000, 0x0000000707d00000, 0x0000000707e00000|  0%| F|  |TS  0|AC  0|TAMS 0x0000000707d00000, 0x0000000707d00000|
| 126|0x0000000707e00000, 0x0000000707e00000, 0x0000000707f00000|  0%| F|  |TS  0|AC  0|TAMS 0x0000000707e00000, 0x0000000707e00000|
| 127|0x0000000707f00000, 0x0000000707f00000, 0x0000000708000000|  0%| F|  |TS  0|AC  0|TAMS 0x0000000707f00000, 0x0000000707f00000|
| 128|0x0000000708000000, 0x0000000708000000, 0x0000000708100000|  0%| F|  |TS  0|AC  0|TAMS 0x0000000708000000, 0x0000000708000000|
| 129|0x0000000708100000, 0x0000000708100000, 0x0000000708200000|  0%| F|  |TS  0|AC  0|TAMS 0x0000000708100000, 0x0000000708100000|
| 130|0x0000000708200000, 0x0000000708200000, 0x0000000708300000|  0%| F|  |TS  0|AC  0|TAMS 0x0000000708200000, 0x0000000708200000|
| 131|0x0000000708300000, 0x0000000708300000, 0x0000000708400000|  0%| F|  |TS  0|AC  0|TAMS 0x0000000708300000, 0x0000000708300000|
| 132|0x0000000708400000, 0x0000000708400000, 0x0000000708500000|  0%| F|  |TS  0|AC  0|TAMS 0x0000000708400000, 0x0000000708400000|
| 133|0x0000000708500000, 0x0000000708500000, 0x0000000708600000|  0%| F|  |TS  0|AC  0|TAMS 0x0000000708500000, 0x0000000708500000|
| 134|0x0000000708600000, 0x0000000708600000, 0x0000000708700000|  0%| F|  |TS  0|AC  0|TAMS 0x0000000708600000, 0x0000000708600000|
| 135|0x0000000708700000, 0x0000000708700000, 0x0000000708800000|  0%| F|  |TS  0|AC  0|TAMS 0x0000000708700000, 0x0000000708700000|
| 136|0x0000000708800000, 0x0000000708800000, 0x0000000708900000|  0%| F|  |TS  0|AC  0|TAMS 0x0000000708800000, 0x0000000708800000|
| 137|0x0000000708900000, 0x0000000708900000, 0x0000000708a00000|  0%| F|  |TS  0|AC  0|TAMS 0x0000000708900000, 0x0000000708900000|
| 138|0x0000000708a00000, 0x0000000708a00000, 0x0000000708b00000|  0%| F|  |TS  0|AC  0|TAMS 0x0000000708a00000, 0x0000000708a00000|
| 139|0x0000000708b00000, 0x0000000708b00000, 0x0000000708c00000|  0%| F|  |TS  0|AC  0|TAMS 0x0000000708b00000, 0x0000000708b00000|
| 140|0x0000000708c00000, 0x0000000708c00000, 0x0000000708d00000|  0%| F|  |TS  0|AC  0|TAMS 0x0000000708c00000, 0x0000000708c00000|
| 141|0x0000000708d00000, 0x0000000708d00000, 0x0000000708e00000|  0%| F|  |TS  0|AC  0|TAMS 0x0000000708d00000, 0x0000000708d00000|
| 142|0x0000000708e00000, 0x0000000708e00000, 0x0000000708f00000|  0%| F|  |TS  0|AC  0|TAMS 0x0000000708e00000, 0x0000000708e00000|
| 143|0x0000000708f00000, 0x0000000708f00000, 0x0000000709000000|  0%| F|  |TS  0|AC  0|TAMS 0x0000000708f00000, 0x0000000708f00000|
| 144|0x0000000709000000, 0x0000000709000000, 0x0000000709100000|  0%| F|  |TS  0|AC  0|TAMS 0x0000000709000000, 0x0000000709000000|
| 145|0x0000000709100000, 0x0000000709100000, 0x0000000709200000|  0%| F|  |TS  0|AC  0|TAMS 0x0000000709100000, 0x0000000709100000|
| 146|0x0000000709200000, 0x0000000709200000, 0x0000000709300000|  0%| F|  |TS  0|AC  0|TAMS 0x0000000709200000, 0x0000000709200000|
| 147|0x0000000709300000, 0x0000000709300000, 0x0000000709400000|  0%| F|  |TS  0|AC  0|TAMS 0x0000000709300000, 0x0000000709300000|
| 148|0x0000000709400000, 0x0000000709400000, 0x0000000709500000|  0%| F|  |TS  0|AC  0|TAMS 0x0000000709400000, 0x0000000709400000|
| 149|0x0000000709500000, 0x0000000709500000, 0x0000000709600000|  0%| F|  |TS  0|AC  0|TAMS 0x0000000709500000, 0x0000000709500000|
| 150|0x0000000709600000, 0x0000000709600000, 0x0000000709700000|  0%| F|  |TS  0|AC  0|TAMS 0x0000000709600000, 0x0000000709600000|
| 151|0x0000000709700000, 0x0000000709700000, 0x0000000709800000|  0%| F|  |TS  0|AC  0|TAMS 0x0000000709700000, 0x0000000709700000|
| 152|0x0000000709800000, 0x0000000709800000, 0x0000000709900000|  0%| F|  |TS  0|AC  0|TAMS 0x0000000709800000, 0x0000000709800000|
| 153|0x0000000709900000, 0x0000000709995a58, 0x0000000709a00000| 58%| S|CS|TS  5|AC  0|TAMS 0x0000000709900000, 0x0000000709900000|
| 154|0x0000000709a00000, 0x0000000709a00000, 0x0000000709b00000|  0%| F|  |TS  5|AC  0|TAMS 0x0000000709a00000, 0x0000000709a00000|
| 155|0x0000000709b00000, 0x0000000709b00000, 0x0000000709c00000|  0%| F|  |TS  5|AC  0|TAMS 0x0000000709b00000, 0x0000000709b00000|
| 156|0x0000000709c00000, 0x0000000709c00000, 0x0000000709d00000|  0%| F|  |TS  5|AC  0|TAMS 0x0000000709c00000, 0x0000000709c00000|
| 157|0x0000000709d00000, 0x0000000709d00000, 0x0000000709e00000|  0%| F|  |TS  5|AC  0|TAMS 0x0000000709d00000, 0x0000000709d00000|
| 158|0x0000000709e00000, 0x0000000709e00000, 0x0000000709f00000|  0%| F|  |TS  5|AC  0|TAMS 0x0000000709e00000, 0x0000000709e00000|
| 159|0x0000000709f00000, 0x0000000709f00000, 0x000000070a000000|  0%| F|  |TS  5|AC  0|TAMS 0x0000000709f00000, 0x0000000709f00000|
| 160|0x000000070a000000, 0x000000070a000000, 0x000000070a100000|  0%| F|  |TS  5|AC  0|TAMS 0x000000070a000000, 0x000000070a000000|
| 161|0x000000070a100000, 0x000000070a100000, 0x000000070a200000|  0%| F|  |TS  5|AC  0|TAMS 0x000000070a100000, 0x000000070a100000|
| 162|0x000000070a200000, 0x000000070a200000, 0x000000070a300000|  0%| F|  |TS  5|AC  0|TAMS 0x000000070a200000, 0x000000070a200000|
| 163|0x000000070a300000, 0x000000070a300000, 0x000000070a400000|  0%| F|  |TS  5|AC  0|TAMS 0x000000070a300000, 0x000000070a300000|
| 164|0x000000070a400000, 0x000000070a400000, 0x000000070a500000|  0%| F|  |TS  5|AC  0|TAMS 0x000000070a400000, 0x000000070a400000|
| 165|0x000000070a500000, 0x000000070a500000, 0x000000070a600000|  0%| F|  |TS  5|AC  0|TAMS 0x000000070a500000, 0x000000070a500000|
| 166|0x000000070a600000, 0x000000070a600000, 0x000000070a700000|  0%| F|  |TS  5|AC  0|TAMS 0x000000070a600000, 0x000000070a600000|
| 167|0x000000070a700000, 0x000000070a700000, 0x000000070a800000|  0%| F|  |TS  5|AC  0|TAMS 0x000000070a700000, 0x000000070a700000|
| 168|0x000000070a800000, 0x000000070a800000, 0x000000070a900000|  0%| F|  |TS  5|AC  0|TAMS 0x000000070a800000, 0x000000070a800000|
| 169|0x000000070a900000, 0x000000070a900000, 0x000000070aa00000|  0%| F|  |TS  5|AC  0|TAMS 0x000000070a900000, 0x000000070a900000|
| 170|0x000000070aa00000, 0x000000070aa00000, 0x000000070ab00000|  0%| F|  |TS  5|AC  0|TAMS 0x000000070aa00000, 0x000000070aa00000|
| 171|0x000000070ab00000, 0x000000070ab00000, 0x000000070ac00000|  0%| F|  |TS  5|AC  0|TAMS 0x000000070ab00000, 0x000000070ab00000|
| 172|0x000000070ac00000, 0x000000070ac00000, 0x000000070ad00000|  0%| F|  |TS  5|AC  0|TAMS 0x000000070ac00000, 0x000000070ac00000|
| 173|0x000000070ad00000, 0x000000070ad00000, 0x000000070ae00000|  0%| F|  |TS  5|AC  0|TAMS 0x000000070ad00000, 0x000000070ad00000|
| 174|0x000000070ae00000, 0x000000070ae00000, 0x000000070af00000|  0%| F|  |TS  5|AC  0|TAMS 0x000000070ae00000, 0x000000070ae00000|
| 175|0x000000070af00000, 0x000000070af0b7e8, 0x000000070b000000|  4%| E|  |TS  5|AC  0|TAMS 0x000000070af00000, 0x000000070af00000|
| 176|0x000000070b000000, 0x000000070b100000, 0x000000070b100000|100%| E|CS|TS  5|AC  0|TAMS 0x000000070b000000, 0x000000070b000000|
| 177|0x000000070b100000, 0x000000070b200000, 0x000000070b200000|100%| E|CS|TS  5|AC  0|TAMS 0x000000070b100000, 0x000000070b100000|
| 178|0x000000070b200000, 0x000000070b300000, 0x000000070b300000|100%| E|CS|TS  5|AC  0|TAMS 0x000000070b200000, 0x000000070b200000|
| 179|0x000000070b300000, 0x000000070b400000, 0x000000070b400000|100%| E|CS|TS  5|AC  0|TAMS 0x000000070b300000, 0x000000070b300000|
| 180|0x000000070b400000, 0x000000070b500000, 0x000000070b500000|100%| E|CS|TS  5|AC  0|TAMS 0x000000070b400000, 0x000000070b400000|
| 181|0x000000070b500000, 0x000000070b600000, 0x000000070b600000|100%| E|CS|TS  5|AC  0|TAMS 0x000000070b500000, 0x000000070b500000|
| 182|0x000000070b600000, 0x000000070b700000, 0x000000070b700000|100%| E|CS|TS  5|AC  0|TAMS 0x000000070b600000, 0x000000070b600000|
| 183|0x000000070b700000, 0x000000070b800000, 0x000000070b800000|100%| E|CS|TS  5|AC  0|TAMS 0x000000070b700000, 0x000000070b700000|
| 184|0x000000070b800000, 0x000000070b900000, 0x000000070b900000|100%| E|CS|TS  5|AC  0|TAMS 0x000000070b800000, 0x000000070b800000|
| 185|0x000000070b900000, 0x000000070ba00000, 0x000000070ba00000|100%| E|CS|TS  5|AC  0|TAMS 0x000000070b900000, 0x000000070b900000|
| 186|0x000000070ba00000, 0x000000070bb00000, 0x000000070bb00000|100%| E|CS|TS  5|AC  0|TAMS 0x000000070ba00000, 0x000000070ba00000|
| 187|0x000000070bb00000, 0x000000070bc00000, 0x000000070bc00000|100%| E|CS|TS  5|AC  0|TAMS 0x000000070bb00000, 0x000000070bb00000|
| 188|0x000000070bc00000, 0x000000070bd00000, 0x000000070bd00000|100%| E|CS|TS  5|AC  0|TAMS 0x000000070bc00000, 0x000000070bc00000|
| 189|0x000000070bd00000, 0x000000070be00000, 0x000000070be00000|100%| E|CS|TS  5|AC  0|TAMS 0x000000070bd00000, 0x000000070bd00000|
| 190|0x000000070be00000, 0x000000070bf00000, 0x000000070bf00000|100%| E|CS|TS  5|AC  0|TAMS 0x000000070be00000, 0x000000070be00000|
| 191|0x000000070bf00000, 0x000000070c000000, 0x000000070c000000|100%| E|CS|TS  5|AC  0|TAMS 0x000000070bf00000, 0x000000070bf00000|
| 192|0x000000070c000000, 0x000000070c100000, 0x000000070c100000|100%| E|CS|TS  5|AC  0|TAMS 0x000000070c000000, 0x000000070c000000|
| 193|0x000000070c100000, 0x000000070c200000, 0x000000070c200000|100%| E|CS|TS  5|AC  0|TAMS 0x000000070c100000, 0x000000070c100000|
| 194|0x000000070c200000, 0x000000070c300000, 0x000000070c300000|100%| E|CS|TS  5|AC  0|TAMS 0x000000070c200000, 0x000000070c200000|
| 195|0x000000070c300000, 0x000000070c400000, 0x000000070c400000|100%| E|CS|TS  5|AC  0|TAMS 0x000000070c300000, 0x000000070c300000|
| 196|0x000000070c400000, 0x000000070c500000, 0x000000070c500000|100%| E|CS|TS  5|AC  0|TAMS 0x000000070c400000, 0x000000070c400000|
| 197|0x000000070c500000, 0x000000070c600000, 0x000000070c600000|100%| E|CS|TS  5|AC  0|TAMS 0x000000070c500000, 0x000000070c500000|
| 198|0x000000070c600000, 0x000000070c700000, 0x000000070c700000|100%| E|CS|TS  5|AC  0|TAMS 0x000000070c600000, 0x000000070c600000|
| 199|0x000000070c700000, 0x000000070c800000, 0x000000070c800000|100%| E|CS|TS  5|AC  0|TAMS 0x000000070c700000, 0x000000070c700000|
| 200|0x000000070c800000, 0x000000070c900000, 0x000000070c900000|100%| E|CS|TS  5|AC  0|TAMS 0x000000070c800000, 0x000000070c800000|
| 201|0x000000070c900000, 0x000000070ca00000, 0x000000070ca00000|100%| E|CS|TS  5|AC  0|TAMS 0x000000070c900000, 0x000000070c900000|
| 202|0x000000070ca00000, 0x000000070cb00000, 0x000000070cb00000|100%| E|CS|TS  5|AC  0|TAMS 0x000000070ca00000, 0x000000070ca00000|
| 203|0x000000070cb00000, 0x000000070cc00000, 0x000000070cc00000|100%| E|CS|TS  5|AC  0|TAMS 0x000000070cb00000, 0x000000070cb00000|
| 204|0x000000070cc00000, 0x000000070cd00000, 0x000000070cd00000|100%| E|CS|TS  5|AC  0|TAMS 0x000000070cc00000, 0x000000070cc00000|
| 205|0x000000070cd00000, 0x000000070ce00000, 0x000000070ce00000|100%| E|CS|TS  5|AC  0|TAMS 0x000000070cd00000, 0x000000070cd00000|
| 206|0x000000070ce00000, 0x000000070cf00000, 0x000000070cf00000|100%| E|CS|TS  5|AC  0|TAMS 0x000000070ce00000, 0x000000070ce00000|
| 207|0x000000070cf00000, 0x000000070d000000, 0x000000070d000000|100%| E|CS|TS  5|AC  0|TAMS 0x000000070cf00000, 0x000000070cf00000|
| 208|0x000000070d000000, 0x000000070d100000, 0x000000070d100000|100%| E|CS|TS  5|AC  0|TAMS 0x000000070d000000, 0x000000070d000000|
| 209|0x000000070d100000, 0x000000070d200000, 0x000000070d200000|100%| E|CS|TS  5|AC  0|TAMS 0x000000070d100000, 0x000000070d100000|
| 210|0x000000070d200000, 0x000000070d300000, 0x000000070d300000|100%| E|CS|TS  5|AC  0|TAMS 0x000000070d200000, 0x000000070d200000|
| 211|0x000000070d300000, 0x000000070d400000, 0x000000070d400000|100%| E|CS|TS  5|AC  0|TAMS 0x000000070d300000, 0x000000070d300000|
| 212|0x000000070d400000, 0x000000070d500000, 0x000000070d500000|100%| E|CS|TS  5|AC  0|TAMS 0x000000070d400000, 0x000000070d400000|
| 213|0x000000070d500000, 0x000000070d600000, 0x000000070d600000|100%| E|CS|TS  5|AC  0|TAMS 0x000000070d500000, 0x000000070d500000|

Card table byte_map: [0x000002849cc80000,0x000002849d280000] byte_map_base: 0x0000028499480000

Marking Bits (Prev, Next): (CMBitMap*) 0x00000284995fb940, (CMBitMap*) 0x00000284995fb978
 Prev Bits: [0x00000284b4890000, 0x00000284b7890000)
 Next Bits: [0x00000284b7890000, 0x00000284ba890000)

Polling page: 0x0000028491ce0000

CodeHeap 'non-profiled nmethods': size=119168Kb used=16758Kb max_used=17067Kb free=102410Kb
 bounds [0x00000284ad430000, 0x00000284ae4e0000, 0x00000284b4890000]
CodeHeap 'profiled nmethods': size=119168Kb used=40394Kb max_used=42104Kb free=78773Kb
 bounds [0x00000284a5fd0000, 0x00000284a8920000, 0x00000284ad430000]
CodeHeap 'non-nmethods': size=7424Kb used=3427Kb max_used=3495Kb free=3996Kb
 bounds [0x00000284a5890000, 0x00000284a5c00000, 0x00000284a5fd0000]
 total_blobs=28240 nmethods=15930 adapters=1053
 compilation: enabled

Compilation events (10 events):
Event: 236.448 Thread 0x000002849deef000 19634       3       ui.frmwork.w::<init> (11 bytes)
Event: 236.448 Thread 0x000002849deee800 19635       3       ui.frmwork.w::C (89 bytes)
Event: 236.448 Thread 0x000002849deef000 nmethod 19634 0x00000284a6c10610 code [0x00000284a6c107c0, 0x00000284a6c109b0]
Event: 236.449 Thread 0x000002849deee800 nmethod 19635 0x00000284a6f22e10 code [0x00000284a6f23160, 0x00000284a6f24b30]
Event: 236.733 Thread 0x000002849def0800 19636       3       java.awt.ModalEventFilter$ApplicationModalEventFilter::acceptWindow (57 bytes)
Event: 236.734 Thread 0x000002849def0800 nmethod 19636 0x00000284a6c75110 code [0x00000284a6c75300, 0x00000284a6c75990]
Event: 236.993 Thread 0x000002849def0000 19637       3       ui.utils.o.b.u::setAction (6 bytes)
Event: 236.994 Thread 0x000002849def0000 nmethod 19637 0x00000284a6c16990 code [0x00000284a6c16b40, 0x00000284a6c16cd0]
Event: 237.016 Thread 0x000002849dedb800 19638       4       javax.swing.tree.VariableHeightLayoutCache$VisibleTreeStateNodeEnumeration::updateNextIndex (95 bytes)
Event: 237.022 Thread 0x000002849dedb800 nmethod 19638 0x00000284adee2c10 code [0x00000284adee2dc0, 0x00000284adee3458]

GC Heap History (10 events):
Event: 165.126 GC heap before
{Heap before GC invocations=105 (full 20):
 garbage-first heap   total 219136K, used 81132K [0x0000000700000000, 0x00000007001006b0, 0x00000007c0000000)
  region size 1024K, 5 young (5120K), 0 survivors (0K)
 Metaspace       used 80088K, capacity 85615K, committed 85760K, reserved 1122304K
  class space    used 11032K, capacity 11998K, committed 12032K, reserved 1048576K
}
Event: 165.271 GC heap after
{Heap after GC invocations=106 (full 21):
 garbage-first heap   total 219136K, used 67813K [0x0000000700000000, 0x00000007001006b0, 0x00000007c0000000)
  region size 1024K, 0 young (0K), 0 survivors (0K)
 Metaspace       used 80088K, capacity 85615K, committed 85760K, reserved 1122304K
  class space    used 11032K, capacity 11998K, committed 12032K, reserved 1048576K
}
Event: 170.507 GC heap before
{Heap before GC invocations=106 (full 21):
 garbage-first heap   total 219136K, used 80101K [0x0000000700000000, 0x00000007001006b0, 0x00000007c0000000)
  region size 1024K, 7 young (7168K), 0 survivors (0K)
 Metaspace       used 80090K, capacity 85615K, committed 85760K, reserved 1122304K
  class space    used 11032K, capacity 11998K, committed 12032K, reserved 1048576K
}
Event: 170.666 GC heap after
{Heap after GC invocations=107 (full 22):
 garbage-first heap   total 219136K, used 67852K [0x0000000700000000, 0x00000007001006b0, 0x00000007c0000000)
  region size 1024K, 0 young (0K), 0 survivors (0K)
 Metaspace       used 80090K, capacity 85615K, committed 85760K, reserved 1122304K
  class space    used 11032K, capacity 11998K, committed 12032K, reserved 1048576K
}
Event: 222.610 GC heap before
{Heap before GC invocations=107 (full 22):
 garbage-first heap   total 219136K, used 129292K [0x0000000700000000, 0x00000007001006b0, 0x00000007c0000000)
  region size 1024K, 60 young (61440K), 0 survivors (0K)
 Metaspace       used 80126K, capacity 85679K, committed 85760K, reserved 1122304K
  class space    used 11032K, capacity 11998K, committed 12032K, reserved 1048576K
}
Event: 222.613 GC heap after
{Heap after GC invocations=108 (full 22):
 garbage-first heap   total 219136K, used 68294K [0x0000000700000000, 0x00000007001006b0, 0x00000007c0000000)
  region size 1024K, 1 young (1024K), 1 survivors (1024K)
 Metaspace       used 80126K, capacity 85679K, committed 85760K, reserved 1122304K
  class space    used 11032K, capacity 11998K, committed 12032K, reserved 1048576K
}
Event: 225.631 GC heap before
{Heap before GC invocations=108 (full 22):
 garbage-first heap   total 219136K, used 128710K [0x0000000700000000, 0x00000007001006b0, 0x00000007c0000000)
  region size 1024K, 60 young (61440K), 1 survivors (1024K)
 Metaspace       used 80260K, capacity 85811K, committed 86016K, reserved 1124352K
  class space    used 11032K, capacity 11998K, committed 12032K, reserved 1048576K
}
Event: 225.634 GC heap after
{Heap after GC invocations=109 (full 22):
 garbage-first heap   total 219136K, used 68288K [0x0000000700000000, 0x00000007001006b0, 0x00000007c0000000)
  region size 1024K, 1 young (1024K), 1 survivors (1024K)
 Metaspace       used 80260K, capacity 85811K, committed 86016K, reserved 1124352K
  class space    used 11032K, capacity 11998K, committed 12032K, reserved 1048576K
}
Event: 234.260 GC heap before
{Heap before GC invocations=109 (full 22):
 garbage-first heap   total 219136K, used 128704K [0x0000000700000000, 0x00000007001006b0, 0x00000007c0000000)
  region size 1024K, 60 young (61440K), 1 survivors (1024K)
 Metaspace       used 80319K, capacity 85875K, committed 86016K, reserved 1124352K
  class space    used 11032K, capacity 11998K, committed 12032K, reserved 1048576K
}
Event: 234.263 GC heap after
{Heap after GC invocations=110 (full 22):
 garbage-first heap   total 219136K, used 68451K [0x0000000700000000, 0x00000007001006b0, 0x00000007c0000000)
  region size 1024K, 1 young (1024K), 1 survivors (1024K)
 Metaspace       used 80319K, capacity 85875K, committed 86016K, reserved 1124352K
  class space    used 11032K, capacity 11998K, committed 12032K, reserved 1048576K
}

Deoptimization events (10 events):
Event: 146.960 Thread 0x000002849bc73800 Uncommon trap: reason=unstable_if action=reinterpret pc=0x00000284adfdb83c method=javax.swing.JComponent.getBounds(Ljava/awt/Rectangle;)Ljava/awt/Rectangle; @ 1 c2
Event: 146.965 Thread 0x000002849bc73800 Uncommon trap: reason=unstable_if action=reinterpret pc=0x00000284ae22ac78 method=sun.java2d.pipe.Region.getIntersectionXYXY(IIII)Lsun/java2d/pipe/Region; @ 39 c2
Event: 146.966 Thread 0x000002849bc73800 Uncommon trap: reason=class_check action=maybe_recompile pc=0x00000284adfb47f8 method=java.awt.EventQueue.coalesceEvent(Ljava/awt/AWTEvent;I)Z @ 77 c2
Event: 154.147 Thread 0x00000284bfa69000 Uncommon trap: reason=unstable_if action=reinterpret pc=0x00000284adbf4a28 method=java.util.concurrent.locks.ReentrantLock$Sync.nonfairTryAcquire(I)Z @ 19 c2
Event: 170.179 Thread 0x000002849bc73800 Uncommon trap: reason=unstable_if action=reinterpret pc=0x00000284ae1386e0 method=ui.data.common.M.a(Lui/data/common/L;)V @ 52 c2
Event: 170.179 Thread 0x000002849bc73800 Uncommon trap: reason=unstable_if action=reinterpret pc=0x00000284ae3c2a98 method=ui.data.common.M.getCount()I @ 6 c2
Event: 235.741 Thread 0x000002849bc73800 Uncommon trap: reason=class_check action=maybe_recompile pc=0x00000284adf09f8c method=java.awt.Component.addNotify()V @ 200 c2
Event: 235.765 Thread 0x000002849bc73800 Uncommon trap: reason=speculate_class_check action=maybe_recompile pc=0x00000284adf58a14 method=java.awt.DefaultKeyboardFocusManager.dispatchEvent(Ljava/awt/AWTEvent;)Z @ 1467 c2
Event: 236.949 Thread 0x000002849bc73800 Uncommon trap: reason=class_check action=maybe_recompile pc=0x00000284ade23f10 method=javax.swing.AbstractButton.setEnabled(Z)V @ 21 c2
Event: 237.044 Thread 0x000002849bc73800 Uncommon trap: reason=unstable_if action=reinterpret pc=0x00000284ae453978 method=java.awt.LightweightDispatcher.retargetMouseEnterExit(Ljava/awt/Component;Ljava/awt/event/MouseEvent;Ljava/awt/Component;Z)Ljava/awt/Component; @ 42 c2

Classes redefined (0 events):
No events

Internal exceptions (10 events):
Event: 59.348 Thread 0x000002849bc73800 Exception <a 'java/lang/NoSuchMethodError'{0x000000070bca6120}: java.lang.invoke.DelegatingMethodHandle$Holder.reinvoke_L(Ljava/lang/Object;Ljava/lang/Object;J)Ljava/lang/Object;> (0x000000070bca6120) thrown at [t:/workspace/hotspot/src/share/vm/interpret
Event: 62.012 Thread 0x000002849bc73800 Exception <a 'java/lang/NoSuchMethodError'{0x000000070b9af0a8}: method resolution failed> (0x000000070b9af0a8) thrown at [t:/workspace/hotspot/src/share/vm/prims/methodHandles.cpp, line 1256]
Event: 62.013 Thread 0x000002849bc73800 Exception <a 'java/lang/NoSuchMethodError'{0x000000070b9b3b40}: java.lang.invoke.DelegatingMethodHandle$Holder.reinvoke_L(Ljava/lang/Object;Ljava/lang/Object;IILjava/lang/Object;Ljava/lang/Object;Ljava/lang/Object;Ljava/lang/Object;Ljava/lang/Object;Ljava
Event: 62.014 Thread 0x000002849bc73800 Exception <a 'java/lang/NoSuchMethodError'{0x000000070b827110}: java.lang.invoke.DirectMethodHandle$Holder.invokeSpecial(Ljava/lang/Object;Ljava/lang/Object;IILjava/lang/Object;Ljava/lang/Object;Ljava/lang/Object;Ljava/lang/Object;Ljava/lang/Object;Ljava/
Event: 62.014 Thread 0x000002849bc73800 Exception <a 'java/lang/NoSuchMethodError'{0x000000070b82b338}: java.lang.invoke.DelegatingMethodHandle$Holder.reinvoke_L(Ljava/lang/Object;IILjava/lang/Object;Ljava/lang/Object;Ljava/lang/Object;Ljava/lang/Object;Ljava/lang/Object;Ljava/lang/Object;Ljava
Event: 62.015 Thread 0x000002849bc73800 Exception <a 'java/lang/NoSuchMethodError'{0x000000070b87ca48}: java.lang.invoke.DirectMethodHandle$Holder.invokeSpecial(Ljava/lang/Object;Ljava/lang/Object;Ljava/lang/Object;Ljava/lang/Object;Ljava/lang/Object;Ljava/lang/Object;Ljava/lang/Object;Ljava/la
Event: 62.018 Thread 0x000002849bc73800 Exception <a 'java/lang/NoSuchMethodError'{0x000000070b7043b8}: java.lang.invoke.DirectMethodHandle$Holder.invokeSpecial(Ljava/lang/Object;Ljava/lang/Object;IILjava/lang/Object;IILjava/lang/Object;Ljava/lang/Object;)Ljava/lang/Object;> (0x000000070b7043b8
Event: 62.018 Thread 0x000002849bc73800 Exception <a 'java/lang/NoSuchMethodError'{0x000000070b707cf0}: java.lang.invoke.DelegatingMethodHandle$Holder.reinvoke_L(Ljava/lang/Object;IILjava/lang/Object;IILjava/lang/Object;Ljava/lang/Object;)Ljava/lang/Object;> (0x000000070b707cf0) thrown at [t:/w
Event: 62.020 Thread 0x000002849bc73800 Exception <a 'java/lang/NoSuchMethodError'{0x000000070b75ea68}: java.lang.invoke.DirectMethodHandle$Holder.invokeSpecial(Ljava/lang/Object;Ljava/lang/Object;Ljava/lang/Object;IILjava/lang/Object;Ljava/lang/Object;)Ljava/lang/Object;> (0x000000070b75ea68) 
Event: 72.767 Thread 0x000002849bc73800 Implicit null exception at 0x00000284adc0d047 to 0x00000284adc0d25c

Events (10 events):
Event: 235.765 Thread 0x000002849bc73800 DEOPT PACKING pc=0x00000284adf58a14 sp=0x0000008b90df2ca0
Event: 235.765 Thread 0x000002849bc73800 DEOPT UNPACKING pc=0x00000284a58dda29 sp=0x0000008b90df2ca0 mode 2
Event: 236.448 Thread 0x00000284c3038800 Thread added: 0x00000284c3038800
Event: 236.452 Thread 0x00000284c3038800 Thread exited: 0x00000284c3038800
Event: 236.949 Thread 0x000002849bc73800 Uncommon trap: trap_request=0xffffffde fr.pc=0x00000284ade23f10 relative=0x00000000000001b0
Event: 236.949 Thread 0x000002849bc73800 DEOPT PACKING pc=0x00000284ade23f10 sp=0x0000008b90df5a10
Event: 236.949 Thread 0x000002849bc73800 DEOPT UNPACKING pc=0x00000284a58dda29 sp=0x0000008b90df59b8 mode 2
Event: 237.044 Thread 0x000002849bc73800 Uncommon trap: trap_request=0xffffff5d fr.pc=0x00000284ae453978 relative=0x0000000000000e38
Event: 237.044 Thread 0x000002849bc73800 DEOPT PACKING pc=0x00000284ae453978 sp=0x0000008b90dfbca0
Event: 237.044 Thread 0x000002849bc73800 DEOPT UNPACKING pc=0x00000284a58dda29 sp=0x0000008b90dfbb60 mode 2


Dynamic libraries:
0x00007ff6fd3e0000 - 0x00007ff6fd410000 	C:\Xilinx\Vivado\2019.1\bin\unwrapped\win64.o\vivado.exe
0x00007ffcfb870000 - 0x00007ffcfba87000 	C:\Windows\SYSTEM32\ntdll.dll
0x00007ffcfa570000 - 0x00007ffcfa634000 	C:\Windows\System32\KERNEL32.DLL
0x00007ffcf8bf0000 - 0x00007ffcf8f96000 	C:\Windows\System32\KERNELBASE.dll
0x00007ffcf8fa0000 - 0x00007ffcf90b1000 	C:\Windows\System32\ucrtbase.dll
0x00007ffccd0f0000 - 0x00007ffccd17e000 	C:\Windows\SYSTEM32\MSVCP140.dll
0x00007ffceadb0000 - 0x00007ffceadc4000 	C:\Xilinx\Vivado\2019.1\lib\win64.o\libboost_signals.dll
0x00007ffceb950000 - 0x00007ffceb96b000 	C:\Windows\SYSTEM32\VCRUNTIME140.dll
0x00007ffc8bcc0000 - 0x00007ffc8cba2000 	C:\Xilinx\Vivado\2019.1\lib\win64.o\librdi_common.dll
0x00007ffceab50000 - 0x00007ffceab64000 	C:\Xilinx\Vivado\2019.1\lib\win64.o\librdi_commonmain.dll
0x00007ffcf9800000 - 0x00007ffcf99ae000 	C:\Windows\System32\USER32.dll
0x00007ffcf94e0000 - 0x00007ffcf9506000 	C:\Windows\System32\win32u.dll
0x00007ffcf9c30000 - 0x00007ffcf9c59000 	C:\Windows\System32\GDI32.dll
0x00007ffcf90c0000 - 0x00007ffcf91d8000 	C:\Windows\System32\gdi32full.dll
0x00007ffcf9440000 - 0x00007ffcf94da000 	C:\Windows\System32\msvcp_win.dll
0x00007ffcce1b0000 - 0x00007ffcce1bc000 	C:\Windows\SYSTEM32\VCRUNTIME140_1.dll
0x00007ffcfa740000 - 0x00007ffcfa7f0000 	C:\Windows\System32\ADVAPI32.dll
0x00007ffcf9b80000 - 0x00007ffcf9c27000 	C:\Windows\System32\msvcrt.dll
0x00007ffcfb780000 - 0x00007ffcfb826000 	C:\Windows\System32\sechost.dll
0x00007ffcfa7f0000 - 0x00007ffcfa907000 	C:\Windows\System32\RPCRT4.dll
0x00007ffcfab90000 - 0x00007ffcfb3e8000 	C:\Windows\System32\SHELL32.dll
0x00007ffc96b20000 - 0x00007ffc96e8e000 	C:\Xilinx\Vivado\2019.1\lib\win64.o\libCOIN-all.dll
0x00007ffceab10000 - 0x00007ffceab24000 	C:\Xilinx\Vivado\2019.1\lib\win64.o\libboost_date_time.dll
0x00007ffce5f20000 - 0x00007ffce5f46000 	C:\Xilinx\Vivado\2019.1\lib\win64.o\libboost_filesystem.dll
0x00007ffce17d0000 - 0x00007ffce184f000 	C:\Xilinx\Vivado\2019.1\lib\win64.o\libboost_program_options.dll
0x00007ffcd2080000 - 0x00007ffcd2194000 	C:\Xilinx\Vivado\2019.1\lib\win64.o\libboost_regex.dll
0x00007ffcf4880000 - 0x00007ffcf488a000 	C:\Xilinx\Vivado\2019.1\lib\win64.o\librdi_commonversion.dll
0x00007ffcc8fd0000 - 0x00007ffcc90f1000 	C:\Xilinx\Vivado\2019.1\lib\win64.o\librdi_commonxillic.dll
0x00007ffcf20c0000 - 0x00007ffcf20cb000 	C:\Xilinx\Vivado\2019.1\lib\win64.o\libboost_system.dll
0x000000005d630000 - 0x000000005d75b000 	C:\Xilinx\Vivado\2019.1\lib\win64.o\tcl85t.dll
0x00007ffce3150000 - 0x00007ffce3171000 	C:\Xilinx\Vivado\2019.1\lib\win64.o\libboost_thread.dll
0x00007ffcfa9f0000 - 0x00007ffcfaa61000 	C:\Windows\System32\WS2_32.dll
0x00007ffcef840000 - 0x00007ffcef84f000 	C:\Xilinx\Vivado\2019.1\lib\win64.o\libboost_xilinx.dll
0x00007ffcd6570000 - 0x00007ffcd65f2000 	C:\Xilinx\Vivado\2019.1\lib\win64.o\libhdlpsolve.dll
0x00007ffcc8980000 - 0x00007ffcc8a25000 	C:\Xilinx\Vivado\2019.1\lib\win64.o\libhdxml.dll
0x00007ffce17a0000 - 0x00007ffce17ce000 	C:\Xilinx\Vivado\2019.1\lib\win64.o\libisl_sysinfo.dll
0x00007ffc7e8c0000 - 0x00007ffc7f46f400 	C:\Xilinx\Vivado\2019.1\lib\win64.o\libisl_iostreams.dll
0x00007ffcd7ac0000 - 0x00007ffcd7b25000 	C:\Xilinx\Vivado\2019.1\lib\win64.o\liblmx6.0.dll
0x00007ffce7f80000 - 0x00007ffce7f9a000 	C:\Xilinx\Vivado\2019.1\lib\win64.o\pthreadVC2.dll
0x00007ffce1770000 - 0x00007ffce1791000 	C:\Xilinx\Vivado\2019.1\lib\win64.o\librdizlib.dll
0x00007ffce7580000 - 0x00007ffce759c000 	C:\Xilinx\Vivado\2019.1\lib\win64.o\librdiconfig.dll
0x0000000012000000 - 0x0000000012270000 	C:\Xilinx\Vivado\2019.1\lib\win64.o\xerces-c_3_1.dll
0x00007ffcd4df0000 - 0x00007ffcd4e09000 	C:\Windows\SYSTEM32\NETAPI32.dll
0x00007ffccebf0000 - 0x00007ffccf0e4000 	C:\Windows\SYSTEM32\WININET.dll
0x00007ffcd3010000 - 0x00007ffcd3200000 	C:\Windows\SYSTEM32\urlmon.dll
0x00007ffcf2a50000 - 0x00007ffcf2b87000 	C:\Windows\SYSTEM32\WINHTTP.dll
0x00007ffcd87e0000 - 0x00007ffcd8811000 	C:\Windows\SYSTEM32\VCOMP140.DLL
0x00007ffcecbc0000 - 0x00007ffcecbc9000 	C:\Windows\SYSTEM32\WSOCK32.dll
0x00007ffc7cd80000 - 0x00007ffc7dc11000 	C:\Xilinx\Vivado\2019.1\lib\win64.o\gurobi65.dll
0x00007ffcec620000 - 0x00007ffcec62d000 	C:\Xilinx\Vivado\2019.1\lib\win64.o\libboost_chrono.dll
0x00007ffc98160000 - 0x00007ffc98438000 	C:\Xilinx\Vivado\2019.1\lib\win64.o\libXil_lmgr11.dll
0x00007ffce7060000 - 0x00007ffce707b000 	C:\Xilinx\Vivado\2019.1\lib\win64.o\libboost_iostreams.dll
0x00007ffcfa370000 - 0x00007ffcfa469000 	C:\Windows\System32\COMDLG32.dll
0x00007ffcdedd0000 - 0x00007ffcdedf5000 	C:\Xilinx\Vivado\2019.1\lib\win64.o\libisl_iosutils.dll
0x00007ffcfb3f0000 - 0x00007ffcfb77a000 	C:\Windows\System32\combase.dll
0x00007ffcfa470000 - 0x00007ffcfa563000 	C:\Windows\System32\shcore.dll
0x00007ffcf97a0000 - 0x00007ffcf97fe000 	C:\Windows\System32\SHLWAPI.dll
0x00007ffce81d0000 - 0x00007ffce848c000 	C:\Windows\SYSTEM32\iertutil.dll
0x00007ffcfa660000 - 0x00007ffcfa737000 	C:\Windows\System32\OLEAUT32.dll
0x00007ffcf9cf0000 - 0x00007ffcf9e8f000 	C:\Windows\System32\ole32.dll
0x00007ffcd2e20000 - 0x00007ffcd2e49000 	C:\Windows\SYSTEM32\srvcli.dll
0x00007ffcf76d0000 - 0x00007ffcf76dc000 	C:\Windows\SYSTEM32\netutils.dll
0x00007ffcf91e0000 - 0x00007ffcf924c000 	C:\Windows\System32\WINTRUST.dll
0x00007ffcf92d0000 - 0x00007ffcf9436000 	C:\Windows\System32\CRYPT32.dll
0x00007ffcec200000 - 0x00007ffcec2b3000 	C:\Windows\WinSxS\amd64_microsoft.windows.common-controls_6595b64144ccf1df_5.82.22621.608_none_fb280a3c7926c2cc\COMCTL32.dll
0x00007ffcf22a0000 - 0x00007ffcf22bf000 	C:\Windows\SYSTEM32\dhcpcsvc.DLL
0x00007ffcfaa70000 - 0x00007ffcfaaa1000 	C:\Windows\System32\IMM32.DLL
0x00007ffcf8890000 - 0x00007ffcf88a2000 	C:\Windows\SYSTEM32\MSASN1.dll
0x00007ffcf7c80000 - 0x00007ffcf7c98000 	C:\Windows\SYSTEM32\kernel.appcore.dll
0x00007ffc8d440000 - 0x00007ffc8d957000 	C:\Xilinx\Vivado\2019.1\lib\win64.o\librdi_commontasks.dll
0x00007ffcef550000 - 0x00007ffcef55a000 	C:\Windows\SYSTEM32\VERSION.dll
0x00007ffc92ab0000 - 0x00007ffc92d36000 	C:\Xilinx\Vivado\2019.1\lib\win64.o\librdi_sio.dll
0x000000005c5c0000 - 0x000000005cfe5000 	C:\Xilinx\Vivado\2019.1\tps\win64\jre9.0.4\bin\server\jvm.dll
0x00007ffcf9b00000 - 0x00007ffcf9b08000 	C:\Windows\System32\PSAPI.DLL
0x00007ffcf76e0000 - 0x00007ffcf770d000 	C:\Windows\SYSTEM32\IPHLPAPI.DLL
0x00007ffcf08f0000 - 0x00007ffcf0924000 	C:\Windows\SYSTEM32\WINMM.dll
0x00007ffcc4b60000 - 0x00007ffcc4c4f000 	C:\Windows\SYSTEM32\MSVCR120.dll
0x00007ffcf8150000 - 0x00007ffcf81b9000 	C:\Windows\SYSTEM32\MSWSOCK.DLL
0x00007ffcf6b10000 - 0x00007ffcf7402000 	C:\Windows\SYSTEM32\windows.storage.dll
0x00007ffcf69d0000 - 0x00007ffcf6b0e000 	C:\Windows\SYSTEM32\wintypes.dll
0x00007ffc7a8c0000 - 0x00007ffc7cd7c000 	C:\Xilinx\Vivado\2019.1\lib\win64.o\librdi_tcltasks.dll
0x00007ffc7a4b0000 - 0x00007ffc7a8b8000 	C:\Xilinx\Vivado\2019.1\lib\win64.o\librdi_bitstream.dll
0x00007ffcd7190000 - 0x00007ffcd7208000 	C:\Xilinx\Vivado\2019.1\lib\win64.o\librdi_boarddep.dll
0x00007ffcae2f0000 - 0x00007ffcae4ad000 	C:\Xilinx\Vivado\2019.1\lib\win64.o\librdi_chipscopeimpl.dll
0x00007ffcbb150000 - 0x00007ffcbb23b000 	C:\Xilinx\Vivado\2019.1\lib\win64.o\librdi_chipscope.dll
0x00007ffcbbd50000 - 0x00007ffcbbee1000 	C:\Xilinx\Vivado\2019.1\lib\win64.o\librdi_board.dll
0x00007ffcae670000 - 0x00007ffcae7c6000 	C:\Xilinx\Vivado\2019.1\lib\win64.o\librdi_containers.dll
0x00007ffc78ac0000 - 0x00007ffc7a4aa000 	C:\Xilinx\Vivado\2019.1\lib\win64.o\librdi_constraints.dll
0x00007ffc783e0000 - 0x00007ffc78aba000 	C:\Xilinx\Vivado\2019.1\lib\win64.o\librdi_coregenipxact.dll
0x00007ffc65040000 - 0x00007ffc66ef1000 	C:\Xilinx\Vivado\2019.1\lib\win64.o\librdi_coregen.dll
0x00007ffc4e770000 - 0x00007ffc527b3000 	C:\Xilinx\Vivado\2019.1\lib\win64.o\librdi_designutils.dll
0x00007ffc7e5a0000 - 0x00007ffc7e8be000 	C:\Xilinx\Vivado\2019.1\lib\win64.o\librdi_dlyest.dll
0x00007ffc77e40000 - 0x00007ffc783da000 	C:\Xilinx\Vivado\2019.1\lib\win64.o\librdi_drc.dll
0x00007ffcbd8b0000 - 0x00007ffcbd974000 	C:\Xilinx\Vivado\2019.1\lib\win64.o\librdi_dsp.dll
0x00007ffc777f0000 - 0x00007ffc77e3d000 	C:\Xilinx\Vivado\2019.1\lib\win64.o\librdi_filemgmt.dll
0x00007ffc77500000 - 0x00007ffc777e3000 	C:\Xilinx\Vivado\2019.1\lib\win64.o\librdi_guitools.dll
0x00007ffcd13f0000 - 0x00007ffcd1455000 	C:\Xilinx\Vivado\2019.1\lib\win64.o\librdi_hdf.dll
0x00007ffc64a20000 - 0x00007ffc65035000 	C:\Xilinx\Vivado\2019.1\lib\win64.o\librdi_memdata.dll
0x00007ffccc750000 - 0x00007ffccc7c3000 	C:\Xilinx\Vivado\2019.1\lib\win64.o\librdi_memoryarray.dll
0x00007ffc3ad80000 - 0x00007ffc3c340000 	C:\Xilinx\Vivado\2019.1\lib\win64.o\librdi_implflow.dll
0x00007ffc38090000 - 0x00007ffc3ad76000 	C:\Xilinx\Vivado\2019.1\lib\win64.o\librdi_mig.dll
0x00007ffc3c340000 - 0x00007ffc4e76c000 	C:\Xilinx\Vivado\2019.1\lib\win64.o\librdi_device.dll
0x00007ffcd2030000 - 0x00007ffcd207b000 	C:\Xilinx\Vivado\2019.1\lib\win64.o\librdi_pfi.dll
0x00007ffc53260000 - 0x00007ffc53902000 	C:\Xilinx\Vivado\2019.1\lib\win64.o\librdi_netlist.dll
0x00007ffc64710000 - 0x00007ffc64a1f000 	C:\Xilinx\Vivado\2019.1\lib\win64.o\librdi_platform.dll
0x00007ffc52b10000 - 0x00007ffc5325a000 	C:\Xilinx\Vivado\2019.1\lib\win64.o\librdi_power.dll
0x00007ffc35a10000 - 0x00007ffc38086000 	C:\Xilinx\Vivado\2019.1\lib\win64.o\librdi_place.dll
0x00007ffc63fd0000 - 0x00007ffc6454f000 	C:\Xilinx\Vivado\2019.1\lib\win64.o\librdi_project.dll
0x00007ffc35300000 - 0x00007ffc35a09000 	C:\Xilinx\Vivado\2019.1\lib\win64.o\librdi_psta.dll
0x00007ffc93630000 - 0x00007ffc93886000 	C:\Xilinx\Vivado\2019.1\lib\win64.o\librdi_simdata.dll
0x00007ffca7260000 - 0x00007ffca735a000 	C:\Xilinx\Vivado\2019.1\lib\win64.o\librdi_runsbase.dll
0x00007ffc34f00000 - 0x00007ffc352f1000 	C:\Xilinx\Vivado\2019.1\lib\win64.o\librdi_runs.dll
0x00007ffc347f0000 - 0x00007ffc34ef6000 	C:\Xilinx\Vivado\2019.1\lib\win64.o\librdi_rsb.dll
0x00007ffc339d0000 - 0x00007ffc347e1000 	C:\Xilinx\Vivado\2019.1\lib\win64.o\librdi_timing.dll
0x00007ffc995d0000 - 0x00007ffc99742000 	C:\Xilinx\Vivado\2019.1\lib\win64.o\librdi_advchipscopeimpl.dll
0x00007ffcd1640000 - 0x00007ffcd168c000 	C:\Xilinx\Vivado\2019.1\lib\win64.o\libboost_serialization.dll
0x00007ffc98ad0000 - 0x00007ffc98c6f000 	C:\Xilinx\Vivado\2019.1\lib\win64.o\librdi_hip_devdesign.dll
0x00007ffc9daa0000 - 0x00007ffc9db62000 	C:\Xilinx\Vivado\2019.1\lib\win64.o\librdi_ipconfig_readwrite.dll
0x00007ffcc9ec0000 - 0x00007ffcc9f03000 	C:\Xilinx\Vivado\2019.1\lib\win64.o\librdi_noc_frameworks.dll
0x00007ffc32e80000 - 0x00007ffc339c7000 	C:\Xilinx\Vivado\2019.1\lib\win64.o\libverific.dll
0x00007ffc32a90000 - 0x00007ffc32e75000 	C:\Xilinx\Vivado\2019.1\lib\win64.o\librdi_hip_config.dll
0x00007ffc32540000 - 0x00007ffc32a8e000 	C:\Xilinx\Vivado\2019.1\lib\win64.o\librdi_xdm.dll
0x00007ffcc59c0000 - 0x00007ffcc5a5e000 	C:\Xilinx\Vivado\2019.1\lib\win64.o\libise.dll
0x00007ffc31f40000 - 0x00007ffc3253c000 	C:\Xilinx\Vivado\2019.1\lib\win64.o\librdi_wavedata.dll
0x00007ffcd7580000 - 0x00007ffcd75c0000 	C:\Xilinx\Vivado\2019.1\lib\win64.o\librdi_wavedata_SimpleApi.dll
0x00007ffcd0750000 - 0x00007ffcd078f000 	C:\Xilinx\Vivado\2019.1\lib\win64.o\librdi_schedmon.dll
0x00007ffc30db0000 - 0x00007ffc31f3d000 	C:\Xilinx\Vivado\2019.1\lib\win64.o\librdi_route.dll
0x00007ffc2ede0000 - 0x00007ffc30dad000 	C:\Xilinx\Vivado\2019.1\lib\win64.o\librdi_synth.dll

VM Arguments:
jvm_args: -Dsun.java2d.pmoffscreen=false -Dsun.java2d.xrender=false -Dsun.java2d.d3d=false -Dsun.awt.nopixfmt=true -Dsun.java2d.dpiaware=true -Dsun.java2d.uiScale.enabled=false -Xverify:none -Dswing.aatext=true -XX:-UsePerfData -Djdk.map.althashing.threshold=512 -XX:StringTableSize=4072 --add-opens=java.base/java.nio=ALL-UNNAMED --add-opens=java.desktop/sun.swing=ALL-UNNAMED --add-opens=java.desktop/javax.swing=ALL-UNNAMED --add-opens=java.desktop/javax.swing.tree=ALL-UNNAMED --add-opens=java.desktop/javax.swing.plaf.basic=ALL-UNNAMED --add-opens=java.desktop/javax.swing.plaf.synth=ALL-UNNAMED --add-opens=java.desktop/com.sun.awt=ALL-UNNAMED -XX:NewSize=60m -XX:MaxNewSize=60m -Xms128m -Xmx3072m -Xss5m 
java_command: <unknown>
java_class_path (initial): C:/Xilinx/Vivado/2019.1\lib\classes\alloy.jar;C:/Xilinx/Vivado/2019.1\lib\classes\autopilot.scelaborator.jar;C:/Xilinx/Vivado/2019.1\lib\classes\autopilot.sourceprocessor.jar;C:/Xilinx/Vivado/2019.1\lib\classes\autopilot.tbprocessor.jar;C:/Xilinx/Vivado/2019.1\lib\classes\batik-anim.jar;C:/Xilinx/Vivado/2019.1\lib\classes\batik-awt-util.jar;C:/Xilinx/Vivado/2019.1\lib\classes\batik-bridge.jar;C:/Xilinx/Vivado/2019.1\lib\classes\batik-codec.jar;C:/Xilinx/Vivado/2019.1\lib\classes\batik-css.jar;C:/Xilinx/Vivado/2019.1\lib\classes\batik-dom.jar;C:/Xilinx/Vivado/2019.1\lib\classes\batik-ext.jar;C:/Xilinx/Vivado/2019.1\lib\classes\batik-gui-util.jar;C:/Xilinx/Vivado/2019.1\lib\classes\batik-gvt.jar;C:/Xilinx/Vivado/2019.1\lib\classes\batik-parser.jar;C:/Xilinx/Vivado/2019.1\lib\classes\batik-script.jar;C:/Xilinx/Vivado/2019.1\lib\classes\batik-svg-dom.jar;C:/Xilinx/Vivado/2019.1\lib\classes\batik-swing.jar;C:/Xilinx/Vivado/2019.1\lib\classes\batik-transcoder.jar;C:/Xilinx/Vivado/2019.1\lib\classes\batik-util.jar;C:/Xilinx/Vivado/2019.1\lib\classes\batik-xml.jar;C:/Xilinx/Vivado/2019.1\lib\classes\com.google.gson_2.7.0.v20170129-0911.jar;C:/Xilinx/Vivado/2019.1\lib\classes\com.google.guava_21.0.0.v20170206-1425.jar;C:/Xilinx/Vivado/2019.1\lib\classes\com.google.inject_3.0.0.v201605172100.jar;C:/Xilinx/Vivado/2019.1\lib\classes\com.ibm.icu_4.4.2.v20110208.jar;C:/Xilinx/Vivado/2019.1\lib\classes\com.sigasi.hdt.annotations.runtime_4.3.0.201903071210.jar;C:/Xilinx/Vivado/2019.1\lib\classes\com.sigasi.hdt.blockdiagram.model_4.3.0.201903071210.jar;C:/Xilinx/Vivado/2019.1\lib\classes\com.sigasi.hdt.connection_4.3.0.201903071210.jar;C:/Xilinx/Vivado/2019.1\lib\classes\com.sigasi.hdt.dependencies.model_4.3.0.201903071210.jar;C:/Xilinx/Vivado/2019.1\lib\classes\com.sigasi.hdt.epl_4.3.0.201903071210.jar;C:/Xilinx/Vivado/2019.1\lib\classes\com.sigasi.hdt.graphics.model_4.3.0.201903071210.jar;C:/Xilinx/Vivado/2019.1\lib\classes\com.sigasi.hdt.project_4.3.0
Launcher Type: generic

Logging:
Log output configuration:
#0: stdout all=warning uptime,level,tags
#1: stderr all=off uptime,level,tags

Environment Variables:
PATH=C:/Xilinx/Vivado/2019.1/bin;C:/Xilinx/Vivado/2019.1/lib/win64.o;C:/Xilinx/Vivado/2019.1/tps/win64/jre9.0.4/bin/server;C:/Xilinx/Vivado/2019.1/tps/win64/jre9.0.4/bin;C:/Xilinx/SDK/2019.1/bin;C:/Xilinx/Vivado/2019.1/ids_lite/ISE/bin/nt64;C:/Xilinx/Vivado/2019.1/ids_lite/ISE/lib/nt64;C:\Program Files (x86)\VMware\VMware Player\bin\;C:\Windows\system32;C:\Windows;C:\Windows\System32\Wbem;C:\Windows\System32\WindowsPowerShell\v1.0\;C:\Windows\System32\OpenSSH\;C:\Program Files\NVIDIA Corporation\NVIDIA NvDLISR;C:\Program Files\Git\cmd;C:\Program Files (x86)\NVIDIA Corporation\PhysX\Common;C:\Program Files\dotnet\;C:\Program Files\CMake\bin;C:\Program Files\Cloudflare\Cloudflare WARP\;C:\Users\Quang\AppData\Local\Microsoft\WindowsApps;C:\Users\Quang\AppData\Local\Programs\Microsoft VS Code\bin;C:\Users\Quang\.dotnet\tools;C:\msys64\mingw64\bin;C:\Program Files (x86)\GnuWin32\bin;;C:/Xilinx/Vivado/2019.1\tps\mingw\6.2.0\win64.o\nt\bin;C:/Xilinx/Vivado/2019.1\tps\mingw\6.2.0\win64.o\nt\libexec\gcc\x86_64-w64-mingw32\6.2.0;C:/Xilinx/Vivado/2019.1\tps\win64\python-2.7.5;C:/Xilinx/Vivado/2019.1\tps\win64\python-2.7.5\lib;C:/Xilinx/Vivado/2019.1\tps\win64\python-2.7.5\Lib\lib-tk;C:/Xilinx/Vivado/2019.1\tps\win64\python-2.7.5\lib\site-packages
USERNAME=Quang
OS=Windows_NT
PROCESSOR_IDENTIFIER=AMD64 Family 25 Model 116 Stepping 1, AuthenticAMD



---------------  S Y S T E M  ---------------

OS: Windows 10 , 64 bit Build 22621 (10.0.22621.2361)

CPU:total 16 (initial active 16) (16 cores per cpu, 1 threads per core) family 25 model 116 stepping 1, cmov, cx8, fxsr, mmx, sse, sse2, sse3, ssse3, sse4.1, sse4.2, popcnt, avx, avx2, aes, clmul, erms, mmxext, 3dnowpref, lzcnt, sse4a, tsc, tscinvbit, tscinv, bmi1

Memory: 4k page, physical 29037428k(13886108k free), swap 34280308k(9538460k free)

vm_info: Java HotSpot(TM) 64-Bit Server VM (9.0.4+11) for windows-amd64 JRE (9.0.4+11), built on Dec 20 2017 02:18:54 by "mach5one" with MS VC++ 12.0 (VS2013)

END.
